-- The C compiler identification is GNU 11.4.0
-- The CXX compiler identification is GNU 11.4.0
-- Detecting C compiler ABI info
-- Detecting C compiler ABI info - done
-- Check for working C compiler: /usr/bin/cc - skipped
-- Detecting C compile features
-- Detecting C compile features - done
-- Detecting CXX compiler ABI info
-- Detecting CXX compiler ABI info - done
-- Check for working CXX compiler: /usr/bin/c++ - skipped
-- Detecting CXX compile features
-- Detecting CXX compile features - done
-- Found ament_cmake_auto: 1.3.12 (/opt/ros/humble/share/ament_cmake_auto/cmake)
-- Found Python3: /usr/bin/python3 (found version "3.10.12") found components: Interpreter 
-- Override CMake install command with custom implementation using symlinks instead of copying resources
-- Found rosidl_generator_c: 3.1.8 (/opt/ros/humble/share/rosidl_generator_c/cmake)
-- Found rosidl_adapter: 3.1.8 (/opt/ros/humble/share/rosidl_adapter/cmake)
-- Found rosidl_generator_cpp: 3.1.8 (/opt/ros/humble/share/rosidl_generator_cpp/cmake)
-- Using all available rosidl_typesupport_c: rosidl_typesupport_fastrtps_c;rosidl_typesupport_introspection_c
-- Using all available rosidl_typesupport_cpp: rosidl_typesupport_fastrtps_cpp;rosidl_typesupport_introspection_cpp
-- Found rmw_implementation_cmake: 6.1.2 (/opt/ros/humble/share/rmw_implementation_cmake/cmake)
-- Found rmw_fastrtps_cpp: 6.2.9 (/opt/ros/humble/share/rmw_fastrtps_cpp/cmake)
-- Found OpenSSL: /usr/lib/x86_64-linux-gnu/libcrypto.so (found version "3.0.2")  
-- Found FastRTPS: /opt/ros/humble/include  
-- Using RMW implementation 'rmw_fastrtps_cpp' as default
-- Looking for pthread.h
-- Looking for pthread.h - found
-- Performing Test CMAKE_HAVE_LIBC_PTHREAD
-- Performing Test CMAKE_HAVE_LIBC_PTHREAD - Success
-- Found Threads: TRUE  
[31mCMake Error at /opt/ros/humble/share/io_context/cmake/io_context-extras.cmake:17 (find_package):
  By not providing "Findasio_cmake_module.cmake" in CMAKE_MODULE_PATH this
  project has asked CMake to find a package configuration file provided by
  "asio_cmake_module", but CMake did not find one.

  Could not find a package configuration file provided by "asio_cmake_module"
  with any of the following names:

    asio_cmake_moduleConfig.cmake
    asio_cmake_module-config.cmake

  Add the installation prefix of "asio_cmake_module" to CMAKE_PREFIX_PATH or
  set "asio_cmake_module_DIR" to a directory containing one of the above
  files.  If "asio_cmake_module" provides a separate development package or
  SDK, be sure it has been installed.
Call Stack (most recent call first):
  /opt/ros/humble/share/io_context/cmake/io_contextConfig.cmake:41 (include)
  /opt/ros/humble/share/serial_driver/cmake/ament_cmake_export_dependencies-extras.cmake:21 (find_package)
  /opt/ros/humble/share/serial_driver/cmake/serial_driverConfig.cmake:41 (include)
  /opt/ros/humble/share/ament_cmake_auto/cmake/ament_auto_find_build_dependencies.cmake:67 (find_package)
  CMakeLists.txt:20 (ament_auto_find_build_dependencies)

[0m
-- Configuring incomplete, errors occurred!
See also "/home/lan/rm_vision_ws/build/rm_serial_driver/CMakeFiles/CMakeOutput.log".
