[0.005s] Invoking command in '/home/lan/rm_vision_ws/build/rm_serial_driver': AMENT_PREFIX_PATH=/home/lan/rm_vision_ws/install/auto_aim_interfaces:${AMENT_PREFIX_PATH} CMAKE_PREFIX_PATH=/home/lan/rm_vision_ws/install/auto_aim_interfaces:/opt/ros/humble LD_LIBRARY_PATH=/home/lan/rm_vision_ws/install/auto_aim_interfaces/lib:${LD_LIBRARY_PATH} PYTHONPATH=/home/lan/rm_vision_ws/install/auto_aim_interfaces/local/lib/python3.10/dist-packages:${PYTHONPATH} /usr/bin/cmake /home/lan/rm_vision_ws/src/rm_serial_driver -DAMENT_CMAKE_SYMLINK_INSTALL=1 -DCMAKE_INSTALL_PREFIX=/home/lan/rm_vision_ws/install/rm_serial_driver
[0.035s] -- The C compiler identification is GNU 11.4.0
[0.064s] -- The CXX compiler identification is GNU 11.4.0
[0.068s] -- Detecting C compiler ABI info
[0.109s] -- Detecting C compiler ABI info - done
[0.113s] -- Check for working C compiler: /usr/bin/cc - skipped
[0.113s] -- Detecting C compile features
[0.113s] -- Detecting C compile features - done
[0.115s] -- Detecting CXX compiler ABI info
[0.161s] -- Detecting CXX compiler ABI info - done
[0.165s] -- Check for working CXX compiler: /usr/bin/c++ - skipped
[0.165s] -- Detecting CXX compile features
[0.165s] -- Detecting CXX compile features - done
[0.166s] -- Found ament_cmake_auto: 1.3.12 (/opt/ros/humble/share/ament_cmake_auto/cmake)
[0.250s] -- Found Python3: /usr/bin/python3 (found version "3.10.12") found components: Interpreter 
[0.285s] -- Override CMake install command with custom implementation using symlinks instead of copying resources
[0.352s] -- Found rosidl_generator_c: 3.1.8 (/opt/ros/humble/share/rosidl_generator_c/cmake)
[0.354s] -- Found rosidl_adapter: 3.1.8 (/opt/ros/humble/share/rosidl_adapter/cmake)
[0.358s] -- Found rosidl_generator_cpp: 3.1.8 (/opt/ros/humble/share/rosidl_generator_cpp/cmake)
[0.364s] -- Using all available rosidl_typesupport_c: rosidl_typesupport_fastrtps_c;rosidl_typesupport_introspection_c
[0.372s] -- Using all available rosidl_typesupport_cpp: rosidl_typesupport_fastrtps_cpp;rosidl_typesupport_introspection_cpp
[0.393s] -- Found rmw_implementation_cmake: 6.1.2 (/opt/ros/humble/share/rmw_implementation_cmake/cmake)
[0.394s] -- Found rmw_fastrtps_cpp: 6.2.9 (/opt/ros/humble/share/rmw_fastrtps_cpp/cmake)
[0.440s] -- Found OpenSSL: /usr/lib/x86_64-linux-gnu/libcrypto.so (found version "3.0.2")  
[0.456s] -- Found FastRTPS: /opt/ros/humble/include  
[0.480s] -- Using RMW implementation 'rmw_fastrtps_cpp' as default
[0.485s] -- Looking for pthread.h
[0.526s] -- Looking for pthread.h - found
[0.526s] -- Performing Test CMAKE_HAVE_LIBC_PTHREAD
[0.571s] -- Performing Test CMAKE_HAVE_LIBC_PTHREAD - Success
[0.571s] -- Found Threads: TRUE  
[0.624s] [31mCMake Error at /opt/ros/humble/share/io_context/cmake/io_context-extras.cmake:17 (find_package):
[0.624s]   By not providing "Findasio_cmake_module.cmake" in CMAKE_MODULE_PATH this
[0.624s]   project has asked CMake to find a package configuration file provided by
[0.624s]   "asio_cmake_module", but CMake did not find one.
[0.624s] 
[0.624s]   Could not find a package configuration file provided by "asio_cmake_module"
[0.624s]   with any of the following names:
[0.624s] 
[0.624s]     asio_cmake_moduleConfig.cmake
[0.624s]     asio_cmake_module-config.cmake
[0.624s] 
[0.624s]   Add the installation prefix of "asio_cmake_module" to CMAKE_PREFIX_PATH or
[0.624s]   set "asio_cmake_module_DIR" to a directory containing one of the above
[0.624s]   files.  If "asio_cmake_module" provides a separate development package or
[0.624s]   SDK, be sure it has been installed.
[0.624s] Call Stack (most recent call first):
[0.624s]   /opt/ros/humble/share/io_context/cmake/io_contextConfig.cmake:41 (include)
[0.625s]   /opt/ros/humble/share/serial_driver/cmake/ament_cmake_export_dependencies-extras.cmake:21 (find_package)
[0.625s]   /opt/ros/humble/share/serial_driver/cmake/serial_driverConfig.cmake:41 (include)
[0.625s]   /opt/ros/humble/share/ament_cmake_auto/cmake/ament_auto_find_build_dependencies.cmake:67 (find_package)
[0.625s]   CMakeLists.txt:20 (ament_auto_find_build_dependencies)
[0.625s] 
[0.625s] [0m
[0.625s] -- Configuring incomplete, errors occurred!
[0.625s] See also "/home/lan/rm_vision_ws/build/rm_serial_driver/CMakeFiles/CMakeOutput.log".
[0.629s] Invoked command in '/home/lan/rm_vision_ws/build/rm_serial_driver' returned '1': AMENT_PREFIX_PATH=/home/lan/rm_vision_ws/install/auto_aim_interfaces:${AMENT_PREFIX_PATH} CMAKE_PREFIX_PATH=/home/lan/rm_vision_ws/install/auto_aim_interfaces:/opt/ros/humble LD_LIBRARY_PATH=/home/lan/rm_vision_ws/install/auto_aim_interfaces/lib:${LD_LIBRARY_PATH} PYTHONPATH=/home/lan/rm_vision_ws/install/auto_aim_interfaces/local/lib/python3.10/dist-packages:${PYTHONPATH} /usr/bin/cmake /home/lan/rm_vision_ws/src/rm_serial_driver -DAMENT_CMAKE_SYMLINK_INSTALL=1 -DCMAKE_INSTALL_PREFIX=/home/lan/rm_vision_ws/install/rm_serial_driver
