[0.005s] Invoking command in '/home/lan/rm_vision_ws/build/rm_serial_driver': AMENT_PREFIX_PATH=/home/lan/rm_vision_ws/install/auto_aim_interfaces:${AMENT_PREFIX_PATH} CMAKE_PREFIX_PATH=/home/lan/rm_vision_ws/install/auto_aim_interfaces:/opt/ros/humble LD_LIBRARY_PATH=/home/lan/rm_vision_ws/install/auto_aim_interfaces/lib:${LD_LIBRARY_PATH} PYTHONPATH=/home/lan/rm_vision_ws/install/auto_aim_interfaces/local/lib/python3.10/dist-packages:${PYTHONPATH} /usr/bin/cmake /home/lan/rm_vision_ws/src/rm_serial_driver -DAMENT_CMAKE_SYMLINK_INSTALL=1 -DCMAKE_INSTALL_PREFIX=/home/lan/rm_vision_ws/install/rm_serial_driver
[0.039s] -- The C compiler identification is GNU 11.4.0
[0.083s] -- The CXX compiler identification is GNU 11.4.0
[0.089s] -- Detecting C compiler ABI info
[0.142s] -- Detecting C compiler ABI info - done
[0.149s] -- Check for working C compiler: /usr/bin/cc - skipped
[0.149s] -- Detecting C compile features
[0.149s] -- Detecting C compile features - done
[0.152s] -- Detecting CXX compiler ABI info
[0.219s] -- Detecting CXX compiler ABI info - done
[0.226s] -- Check for working CXX compiler: /usr/bin/c++ - skipped
[0.226s] -- Detecting CXX compile features
[0.227s] -- Detecting CXX compile features - done
[0.228s] -- Found ament_cmake_auto: 1.3.12 (/opt/ros/humble/share/ament_cmake_auto/cmake)
[0.366s] -- Found Python3: /usr/bin/python3 (found version "3.10.12") found components: Interpreter 
[0.428s] -- Override CMake install command with custom implementation using symlinks instead of copying resources
[0.543s] -- Found rosidl_generator_c: 3.1.8 (/opt/ros/humble/share/rosidl_generator_c/cmake)
[0.547s] -- Found rosidl_adapter: 3.1.8 (/opt/ros/humble/share/rosidl_adapter/cmake)
[0.554s] -- Found rosidl_generator_cpp: 3.1.8 (/opt/ros/humble/share/rosidl_generator_cpp/cmake)
[0.565s] -- Using all available rosidl_typesupport_c: rosidl_typesupport_fastrtps_c;rosidl_typesupport_introspection_c
[0.579s] -- Using all available rosidl_typesupport_cpp: rosidl_typesupport_fastrtps_cpp;rosidl_typesupport_introspection_cpp
[0.617s] -- Found rmw_implementation_cmake: 6.1.2 (/opt/ros/humble/share/rmw_implementation_cmake/cmake)
[0.619s] -- Found rmw_fastrtps_cpp: 6.2.9 (/opt/ros/humble/share/rmw_fastrtps_cpp/cmake)
[0.692s] -- Found OpenSSL: /usr/lib/x86_64-linux-gnu/libcrypto.so (found version "3.0.2")  
[0.714s] -- Found FastRTPS: /opt/ros/humble/include  
[0.748s] -- Using RMW implementation 'rmw_fastrtps_cpp' as default
[0.755s] -- Looking for pthread.h
[0.818s] -- Looking for pthread.h - found
[0.818s] -- Performing Test CMAKE_HAVE_LIBC_PTHREAD
[0.880s] -- Performing Test CMAKE_HAVE_LIBC_PTHREAD - Success
[0.881s] -- Found Threads: TRUE  
[0.969s] -- Found asio_cmake_module: 1.2.0 (/opt/ros/humble/share/asio_cmake_module/cmake)
[0.970s] -- Found ASIO: /usr/include  
[1.083s] -- Found eigen3_cmake_module: 0.1.1 (/opt/ros/humble/share/eigen3_cmake_module/cmake)
[1.085s] -- Found Eigen3: TRUE (found version "3.4.0") 
[1.085s] -- Ensuring Eigen3 include directory is part of orocos-kdl CMake target
[1.161s] -- Found ament_lint_auto: 0.12.14 (/opt/ros/humble/share/ament_lint_auto/cmake)
[1.177s] [0mIn this package, headers install destination is set to `include` by ament_auto_package. It is recommended to install `include/rm_serial_driver` instead and will be the default behavior of ament_auto_package from ROS 2 Kilted Kaiju. On distributions before Kilted, ament_auto_package behaves the same way when you use USE_SCOPED_HEADER_INSTALL_DIR option.[0m
[1.186s] -- Added test 'cppcheck' to perform static code analysis on C / C++ code
[1.186s] -- Configured cppcheck include dirs: /home/lan/rm_vision_ws/src/rm_serial_driver/include
[1.186s] -- Configured cppcheck exclude dirs and/or files: 
[1.189s] -- Added test 'cpplint' to check C / C++ code against the Google style
[1.189s] -- Configured cpplint exclude dirs and/or files: 
[1.189s] -- Added test 'flake8' to check Python code syntax and style conventions
[1.190s] -- Added test 'lint_cmake' to check CMake code style
[1.191s] -- Added test 'pep257' to check Python code against some of the docstring style conventions in PEP 257
[1.192s] -- Added test 'xmllint' to check XML markup files
[1.195s] -- Added test 'clang_format' to check C / C++ code style
[1.198s] -- Configuring done
[1.224s] -- Generating done
[1.231s] -- Build files have been written to: /home/lan/rm_vision_ws/build/rm_serial_driver
[1.242s] Invoked command in '/home/lan/rm_vision_ws/build/rm_serial_driver' returned '0': AMENT_PREFIX_PATH=/home/lan/rm_vision_ws/install/auto_aim_interfaces:${AMENT_PREFIX_PATH} CMAKE_PREFIX_PATH=/home/lan/rm_vision_ws/install/auto_aim_interfaces:/opt/ros/humble LD_LIBRARY_PATH=/home/lan/rm_vision_ws/install/auto_aim_interfaces/lib:${LD_LIBRARY_PATH} PYTHONPATH=/home/lan/rm_vision_ws/install/auto_aim_interfaces/local/lib/python3.10/dist-packages:${PYTHONPATH} /usr/bin/cmake /home/lan/rm_vision_ws/src/rm_serial_driver -DAMENT_CMAKE_SYMLINK_INSTALL=1 -DCMAKE_INSTALL_PREFIX=/home/lan/rm_vision_ws/install/rm_serial_driver
[1.243s] Invoking command in '/home/lan/rm_vision_ws/build/rm_serial_driver': AMENT_PREFIX_PATH=/home/lan/rm_vision_ws/install/auto_aim_interfaces:${AMENT_PREFIX_PATH} CMAKE_PREFIX_PATH=/home/lan/rm_vision_ws/install/auto_aim_interfaces:/opt/ros/humble LD_LIBRARY_PATH=/home/lan/rm_vision_ws/install/auto_aim_interfaces/lib:${LD_LIBRARY_PATH} PYTHONPATH=/home/lan/rm_vision_ws/install/auto_aim_interfaces/local/lib/python3.10/dist-packages:${PYTHONPATH} /usr/bin/cmake --build /home/lan/rm_vision_ws/build/rm_serial_driver -- -j16 -l16
[1.280s] [ 20%] [32mBuilding CXX object CMakeFiles/rm_serial_driver.dir/src/crc.cpp.o[0m
[1.280s] [ 40%] [32mBuilding CXX object CMakeFiles/rm_serial_driver.dir/src/rm_serial_driver.cpp.o[0m
[1.283s] [ 60%] [32mBuilding CXX object CMakeFiles/rm_serial_driver_node.dir/rclcpp_components/node_main_rm_serial_driver_node.cpp.o[0m
[3.338s] [ 80%] [32m[1mLinking CXX executable rm_serial_driver_node[0m
[3.412s] [ 80%] Built target rm_serial_driver_node
[8.056s] [100%] [32m[1mLinking CXX shared library librm_serial_driver.so[0m
[8.428s] [100%] Built target rm_serial_driver
[8.435s] Invoked command in '/home/lan/rm_vision_ws/build/rm_serial_driver' returned '0': AMENT_PREFIX_PATH=/home/lan/rm_vision_ws/install/auto_aim_interfaces:${AMENT_PREFIX_PATH} CMAKE_PREFIX_PATH=/home/lan/rm_vision_ws/install/auto_aim_interfaces:/opt/ros/humble LD_LIBRARY_PATH=/home/lan/rm_vision_ws/install/auto_aim_interfaces/lib:${LD_LIBRARY_PATH} PYTHONPATH=/home/lan/rm_vision_ws/install/auto_aim_interfaces/local/lib/python3.10/dist-packages:${PYTHONPATH} /usr/bin/cmake --build /home/lan/rm_vision_ws/build/rm_serial_driver -- -j16 -l16
[8.436s] Invoking command in '/home/lan/rm_vision_ws/build/rm_serial_driver': AMENT_PREFIX_PATH=/home/lan/rm_vision_ws/install/auto_aim_interfaces:${AMENT_PREFIX_PATH} CMAKE_PREFIX_PATH=/home/lan/rm_vision_ws/install/auto_aim_interfaces:/opt/ros/humble LD_LIBRARY_PATH=/home/lan/rm_vision_ws/install/auto_aim_interfaces/lib:${LD_LIBRARY_PATH} PYTHONPATH=/home/lan/rm_vision_ws/install/auto_aim_interfaces/local/lib/python3.10/dist-packages:${PYTHONPATH} /usr/bin/cmake --install /home/lan/rm_vision_ws/build/rm_serial_driver
[8.442s] -- Install configuration: ""
[8.442s] -- Execute custom install script
[8.443s] -- Symlinking: /home/lan/rm_vision_ws/install/rm_serial_driver/lib/rm_serial_driver/rm_serial_driver_node
[8.449s] -- Symlinking: /home/lan/rm_vision_ws/install/rm_serial_driver/include/rm_serial_driver/crc.hpp
[8.456s] -- Symlinking: /home/lan/rm_vision_ws/install/rm_serial_driver/include/rm_serial_driver/packet.hpp
[8.461s] -- Symlinking: /home/lan/rm_vision_ws/install/rm_serial_driver/include/rm_serial_driver/rm_serial_driver.hpp
[8.467s] -- Symlinking: /home/lan/rm_vision_ws/install/rm_serial_driver/share/rm_serial_driver/environment/library_path.sh
[8.471s] -- Symlinking: /home/lan/rm_vision_ws/install/rm_serial_driver/share/rm_serial_driver/environment/library_path.dsv
[8.477s] -- Symlinking: /home/lan/rm_vision_ws/install/rm_serial_driver/lib/librm_serial_driver.so
[8.482s] -- Symlinking: /home/lan/rm_vision_ws/install/rm_serial_driver/share/rm_serial_driver/config/serial_driver.yaml
[8.489s] -- Symlinking: /home/lan/rm_vision_ws/install/rm_serial_driver/share/rm_serial_driver/launch/serial_driver.launch.py
[8.494s] -- Symlinking: /home/lan/rm_vision_ws/install/rm_serial_driver/share/ament_index/resource_index/package_run_dependencies/rm_serial_driver
[8.499s] -- Symlinking: /home/lan/rm_vision_ws/install/rm_serial_driver/share/ament_index/resource_index/parent_prefix_path/rm_serial_driver
[8.504s] -- Symlinking: /home/lan/rm_vision_ws/install/rm_serial_driver/share/rm_serial_driver/environment/ament_prefix_path.sh
[8.509s] -- Symlinking: /home/lan/rm_vision_ws/install/rm_serial_driver/share/rm_serial_driver/environment/ament_prefix_path.dsv
[8.514s] -- Symlinking: /home/lan/rm_vision_ws/install/rm_serial_driver/share/rm_serial_driver/environment/path.sh
[8.519s] -- Symlinking: /home/lan/rm_vision_ws/install/rm_serial_driver/share/rm_serial_driver/environment/path.dsv
[8.525s] -- Symlinking: /home/lan/rm_vision_ws/install/rm_serial_driver/share/rm_serial_driver/local_setup.bash
[8.530s] -- Symlinking: /home/lan/rm_vision_ws/install/rm_serial_driver/share/rm_serial_driver/local_setup.sh
[8.537s] -- Symlinking: /home/lan/rm_vision_ws/install/rm_serial_driver/share/rm_serial_driver/local_setup.zsh
[8.543s] -- Symlinking: /home/lan/rm_vision_ws/install/rm_serial_driver/share/rm_serial_driver/local_setup.dsv
[8.547s] -- Symlinking: /home/lan/rm_vision_ws/install/rm_serial_driver/share/rm_serial_driver/package.dsv
[8.553s] -- Symlinking: /home/lan/rm_vision_ws/install/rm_serial_driver/share/ament_index/resource_index/packages/rm_serial_driver
[8.560s] -- Symlinking: /home/lan/rm_vision_ws/install/rm_serial_driver/share/ament_index/resource_index/rclcpp_components/rm_serial_driver
[8.566s] -- Symlinking: /home/lan/rm_vision_ws/install/rm_serial_driver/share/rm_serial_driver/cmake/ament_cmake_export_dependencies-extras.cmake
[8.571s] -- Symlinking: /home/lan/rm_vision_ws/install/rm_serial_driver/share/rm_serial_driver/cmake/ament_cmake_export_include_directories-extras.cmake
[8.578s] -- Symlinking: /home/lan/rm_vision_ws/install/rm_serial_driver/share/rm_serial_driver/cmake/ament_cmake_export_libraries-extras.cmake
[8.582s] -- Symlinking: /home/lan/rm_vision_ws/install/rm_serial_driver/share/rm_serial_driver/cmake/rm_serial_driverConfig.cmake
[8.587s] -- Symlinking: /home/lan/rm_vision_ws/install/rm_serial_driver/share/rm_serial_driver/cmake/rm_serial_driverConfig-version.cmake
[8.593s] -- Symlinking: /home/lan/rm_vision_ws/install/rm_serial_driver/share/rm_serial_driver/package.xml
[8.602s] Invoked command in '/home/lan/rm_vision_ws/build/rm_serial_driver' returned '0': AMENT_PREFIX_PATH=/home/lan/rm_vision_ws/install/auto_aim_interfaces:${AMENT_PREFIX_PATH} CMAKE_PREFIX_PATH=/home/lan/rm_vision_ws/install/auto_aim_interfaces:/opt/ros/humble LD_LIBRARY_PATH=/home/lan/rm_vision_ws/install/auto_aim_interfaces/lib:${LD_LIBRARY_PATH} PYTHONPATH=/home/lan/rm_vision_ws/install/auto_aim_interfaces/local/lib/python3.10/dist-packages:${PYTHONPATH} /usr/bin/cmake --install /home/lan/rm_vision_ws/build/rm_serial_driver
