[0.007s] Invoking command in '/home/lan/rm_vision_ws/build/mindvision_camera': CMAKE_PREFIX_PATH=/opt/ros/humble /usr/bin/cmake --build /home/lan/rm_vision_ws/build/mindvision_camera -- -j16 -l16
[0.028s] [35m[1mConsolidate compiler generated dependencies of target mindvision_camera_node[0m
[0.029s] [35m[1mConsolidate compiler generated dependencies of target mindvision_camera[0m
[0.035s] [ 50%] Built target mindvision_camera_node
[0.037s] [100%] Built target mindvision_camera
[0.044s] Invoked command in '/home/lan/rm_vision_ws/build/mindvision_camera' returned '0': CMAKE_PREFIX_PATH=/opt/ros/humble /usr/bin/cmake --build /home/lan/rm_vision_ws/build/mindvision_camera -- -j16 -l16
[0.045s] Invoking command in '/home/lan/rm_vision_ws/build/mindvision_camera': CMAKE_PREFIX_PATH=/opt/ros/humble /usr/bin/cmake --install /home/lan/rm_vision_ws/build/mindvision_camera
[0.050s] -- Install configuration: ""
[0.051s] -- Execute custom install script
[0.051s] -- Up-to-date symlink: /home/lan/rm_vision_ws/install/mindvision_camera/lib/mindvision_camera/mindvision_camera_node
[0.051s] -- Up-to-date symlink: /home/lan/rm_vision_ws/install/mindvision_camera/share/mindvision_camera/environment/library_path.sh
[0.051s] -- Up-to-date symlink: /home/lan/rm_vision_ws/install/mindvision_camera/share/mindvision_camera/environment/library_path.dsv
[0.051s] -- Up-to-date symlink: /home/lan/rm_vision_ws/install/mindvision_camera/lib/libmindvision_camera.so
[0.051s] -- Up-to-date symlink: /home/lan/rm_vision_ws/install/mindvision_camera/share/mindvision_camera/config/camera_info.yaml
[0.052s] -- Up-to-date symlink: /home/lan/rm_vision_ws/install/mindvision_camera/share/mindvision_camera/config/camera_params.yaml
[0.052s] -- Up-to-date symlink: /home/lan/rm_vision_ws/install/mindvision_camera/share/mindvision_camera/launch/mv_launch.py
[0.052s] -- Up-to-date symlink: /home/lan/rm_vision_ws/install/mindvision_camera/share/ament_index/resource_index/package_run_dependencies/mindvision_camera
[0.052s] -- Up-to-date symlink: /home/lan/rm_vision_ws/install/mindvision_camera/share/ament_index/resource_index/parent_prefix_path/mindvision_camera
[0.052s] -- Up-to-date symlink: /home/lan/rm_vision_ws/install/mindvision_camera/share/mindvision_camera/environment/ament_prefix_path.sh
[0.053s] -- Up-to-date symlink: /home/lan/rm_vision_ws/install/mindvision_camera/share/mindvision_camera/environment/ament_prefix_path.dsv
[0.053s] -- Up-to-date symlink: /home/lan/rm_vision_ws/install/mindvision_camera/share/mindvision_camera/environment/path.sh
[0.053s] -- Up-to-date symlink: /home/lan/rm_vision_ws/install/mindvision_camera/share/mindvision_camera/environment/path.dsv
[0.053s] -- Up-to-date symlink: /home/lan/rm_vision_ws/install/mindvision_camera/share/mindvision_camera/local_setup.bash
[0.053s] -- Up-to-date symlink: /home/lan/rm_vision_ws/install/mindvision_camera/share/mindvision_camera/local_setup.sh
[0.053s] -- Up-to-date symlink: /home/lan/rm_vision_ws/install/mindvision_camera/share/mindvision_camera/local_setup.zsh
[0.054s] -- Up-to-date symlink: /home/lan/rm_vision_ws/install/mindvision_camera/share/mindvision_camera/local_setup.dsv
[0.054s] -- Symlinking: /home/lan/rm_vision_ws/install/mindvision_camera/share/mindvision_camera/package.dsv
[0.058s] -- Up-to-date symlink: /home/lan/rm_vision_ws/install/mindvision_camera/share/ament_index/resource_index/packages/mindvision_camera
[0.058s] -- Up-to-date symlink: /home/lan/rm_vision_ws/install/mindvision_camera/share/ament_index/resource_index/rclcpp_components/mindvision_camera
[0.058s] -- Up-to-date symlink: /home/lan/rm_vision_ws/install/mindvision_camera/share/mindvision_camera/cmake/ament_cmake_export_dependencies-extras.cmake
[0.058s] -- Up-to-date symlink: /home/lan/rm_vision_ws/install/mindvision_camera/share/mindvision_camera/cmake/ament_cmake_export_libraries-extras.cmake
[0.058s] -- Up-to-date symlink: /home/lan/rm_vision_ws/install/mindvision_camera/share/mindvision_camera/cmake/mindvision_cameraConfig.cmake
[0.058s] -- Up-to-date symlink: /home/lan/rm_vision_ws/install/mindvision_camera/share/mindvision_camera/cmake/mindvision_cameraConfig-version.cmake
[0.058s] -- Up-to-date symlink: /home/lan/rm_vision_ws/install/mindvision_camera/share/mindvision_camera/package.xml
[0.062s] Invoked command in '/home/lan/rm_vision_ws/build/mindvision_camera' returned '0': CMAKE_PREFIX_PATH=/opt/ros/humble /usr/bin/cmake --install /home/lan/rm_vision_ws/build/mindvision_camera
