[0.007s] Invoking command in '/home/lan/rm_vision_ws/build/hik_camera': CMAKE_PREFIX_PATH=/opt/ros/humble /usr/bin/cmake --build /home/lan/rm_vision_ws/build/hik_camera -- -j16 -l16
[0.029s] [35m[1mConsolidate compiler generated dependencies of target hik_camera[0m
[0.029s] [35m[1mConsolidate compiler generated dependencies of target hik_camera_node[0m
[0.036s] [ 50%] Built target hik_camera_node
[0.037s] [100%] Built target hik_camera
[0.043s] Invoked command in '/home/lan/rm_vision_ws/build/hik_camera' returned '0': CMAKE_PREFIX_PATH=/opt/ros/humble /usr/bin/cmake --build /home/lan/rm_vision_ws/build/hik_camera -- -j16 -l16
[0.044s] Invoking command in '/home/lan/rm_vision_ws/build/hik_camera': CMAKE_PREFIX_PATH=/opt/ros/humble /usr/bin/cmake --install /home/lan/rm_vision_ws/build/hik_camera
[0.049s] -- Install configuration: ""
[0.049s] -- Execute custom install script
[0.050s] -- Up-to-date symlink: /home/lan/rm_vision_ws/install/hik_camera/lib/libFormatConversion.so
[0.050s] -- Up-to-date symlink: /home/lan/rm_vision_ws/install/hik_camera/lib/libMVRender.so
[0.050s] -- Up-to-date symlink: /home/lan/rm_vision_ws/install/hik_camera/lib/libMediaProcess.so
[0.050s] -- Up-to-date symlink: /home/lan/rm_vision_ws/install/hik_camera/lib/libMvCameraControl.so
[0.050s] -- Up-to-date symlink: /home/lan/rm_vision_ws/install/hik_camera/lib/libMvUsb3vTL.so
[0.050s] -- Up-to-date symlink: /home/lan/rm_vision_ws/install/hik_camera/lib/hik_camera/hik_camera_node
[0.051s] -- Up-to-date symlink: /home/lan/rm_vision_ws/install/hik_camera/share/hik_camera/environment/library_path.sh
[0.051s] -- Up-to-date symlink: /home/lan/rm_vision_ws/install/hik_camera/share/hik_camera/environment/library_path.dsv
[0.051s] -- Up-to-date symlink: /home/lan/rm_vision_ws/install/hik_camera/lib/libhik_camera.so
[0.051s] -- Up-to-date symlink: /home/lan/rm_vision_ws/install/hik_camera/share/hik_camera/config/camera_info.yaml
[0.051s] -- Up-to-date symlink: /home/lan/rm_vision_ws/install/hik_camera/share/hik_camera/config/camera_params.yaml
[0.052s] -- Up-to-date symlink: /home/lan/rm_vision_ws/install/hik_camera/share/hik_camera/launch/hik_camera.launch.py
[0.052s] -- Up-to-date symlink: /home/lan/rm_vision_ws/install/hik_camera/share/ament_index/resource_index/package_run_dependencies/hik_camera
[0.052s] -- Up-to-date symlink: /home/lan/rm_vision_ws/install/hik_camera/share/ament_index/resource_index/parent_prefix_path/hik_camera
[0.052s] -- Up-to-date symlink: /home/lan/rm_vision_ws/install/hik_camera/share/hik_camera/environment/ament_prefix_path.sh
[0.052s] -- Up-to-date symlink: /home/lan/rm_vision_ws/install/hik_camera/share/hik_camera/environment/ament_prefix_path.dsv
[0.052s] -- Up-to-date symlink: /home/lan/rm_vision_ws/install/hik_camera/share/hik_camera/environment/path.sh
[0.052s] -- Up-to-date symlink: /home/lan/rm_vision_ws/install/hik_camera/share/hik_camera/environment/path.dsv
[0.052s] -- Up-to-date symlink: /home/lan/rm_vision_ws/install/hik_camera/share/hik_camera/local_setup.bash
[0.052s] -- Up-to-date symlink: /home/lan/rm_vision_ws/install/hik_camera/share/hik_camera/local_setup.sh
[0.053s] -- Up-to-date symlink: /home/lan/rm_vision_ws/install/hik_camera/share/hik_camera/local_setup.zsh
[0.053s] -- Up-to-date symlink: /home/lan/rm_vision_ws/install/hik_camera/share/hik_camera/local_setup.dsv
[0.053s] -- Symlinking: /home/lan/rm_vision_ws/install/hik_camera/share/hik_camera/package.dsv
[0.060s] -- Up-to-date symlink: /home/lan/rm_vision_ws/install/hik_camera/share/ament_index/resource_index/packages/hik_camera
[0.060s] -- Up-to-date symlink: /home/lan/rm_vision_ws/install/hik_camera/share/ament_index/resource_index/rclcpp_components/hik_camera
[0.060s] -- Up-to-date symlink: /home/lan/rm_vision_ws/install/hik_camera/share/hik_camera/cmake/ament_cmake_export_dependencies-extras.cmake
[0.060s] -- Up-to-date symlink: /home/lan/rm_vision_ws/install/hik_camera/share/hik_camera/cmake/ament_cmake_export_libraries-extras.cmake
[0.060s] -- Up-to-date symlink: /home/lan/rm_vision_ws/install/hik_camera/share/hik_camera/cmake/hik_cameraConfig.cmake
[0.060s] -- Up-to-date symlink: /home/lan/rm_vision_ws/install/hik_camera/share/hik_camera/cmake/hik_cameraConfig-version.cmake
[0.060s] -- Up-to-date symlink: /home/lan/rm_vision_ws/install/hik_camera/share/hik_camera/package.xml
[0.071s] Invoked command in '/home/lan/rm_vision_ws/build/hik_camera' returned '0': CMAKE_PREFIX_PATH=/opt/ros/humble /usr/bin/cmake --install /home/lan/rm_vision_ws/build/hik_camera
