[0.008s] Invoking command in '/home/lan/rm_vision_ws/build/rm_auto_aim': AMENT_PREFIX_PATH=/home/lan/rm_vision_ws/install/armor_tracker:/home/lan/rm_vision_ws/install/armor_detector:/home/lan/rm_vision_ws/install/auto_aim_interfaces:${AMENT_PREFIX_PATH} CMAKE_PREFIX_PATH=/home/lan/rm_vision_ws/install/armor_tracker:/home/lan/rm_vision_ws/install/armor_detector:/home/lan/rm_vision_ws/install/auto_aim_interfaces:/opt/ros/humble LD_LIBRARY_PATH=/home/lan/rm_vision_ws/install/armor_tracker/lib:/home/lan/rm_vision_ws/install/armor_detector/lib:/home/lan/rm_vision_ws/install/auto_aim_interfaces/lib:${LD_LIBRARY_PATH} PYTHONPATH=/home/lan/rm_vision_ws/install/auto_aim_interfaces/local/lib/python3.10/dist-packages:${PYTHONPATH} /usr/bin/cmake /home/lan/rm_vision_ws/src/rm_auto_aim/rm_auto_aim -DAMENT_CMAKE_SYMLINK_INSTALL=1 -DCMAKE_INSTALL_PREFIX=/home/lan/rm_vision_ws/install/rm_auto_aim
[0.043s] -- The C compiler identification is GNU 11.4.0
[0.074s] -- The CXX compiler identification is GNU 11.4.0
[0.079s] -- Detecting C compiler ABI info
[0.125s] -- Detecting C compiler ABI info - done
[0.129s] -- Check for working C compiler: /usr/bin/cc - skipped
[0.130s] -- Detecting C compile features
[0.130s] -- Detecting C compile features - done
[0.132s] -- Detecting CXX compiler ABI info
[0.182s] -- Detecting CXX compiler ABI info - done
[0.186s] -- Check for working CXX compiler: /usr/bin/c++ - skipped
[0.186s] -- Detecting CXX compile features
[0.186s] -- Detecting CXX compile features - done
[0.187s] -- Found ament_cmake_auto: 1.3.12 (/opt/ros/humble/share/ament_cmake_auto/cmake)
[0.281s] -- Found Python3: /usr/bin/python3 (found version "3.10.12") found components: Interpreter 
[0.314s] -- Override CMake install command with custom implementation using symlinks instead of copying resources
[0.327s] -- Found ament_lint_auto: 0.12.14 (/opt/ros/humble/share/ament_lint_auto/cmake)
[0.368s] -- Added test 'lint_cmake' to check CMake code style
[0.368s] -- Added test 'xmllint' to check XML markup files
[0.369s] -- Configuring done
[0.370s] -- Generating done
[0.371s] -- Build files have been written to: /home/lan/rm_vision_ws/build/rm_auto_aim
[0.374s] Invoked command in '/home/lan/rm_vision_ws/build/rm_auto_aim' returned '0': AMENT_PREFIX_PATH=/home/lan/rm_vision_ws/install/armor_tracker:/home/lan/rm_vision_ws/install/armor_detector:/home/lan/rm_vision_ws/install/auto_aim_interfaces:${AMENT_PREFIX_PATH} CMAKE_PREFIX_PATH=/home/lan/rm_vision_ws/install/armor_tracker:/home/lan/rm_vision_ws/install/armor_detector:/home/lan/rm_vision_ws/install/auto_aim_interfaces:/opt/ros/humble LD_LIBRARY_PATH=/home/lan/rm_vision_ws/install/armor_tracker/lib:/home/lan/rm_vision_ws/install/armor_detector/lib:/home/lan/rm_vision_ws/install/auto_aim_interfaces/lib:${LD_LIBRARY_PATH} PYTHONPATH=/home/lan/rm_vision_ws/install/auto_aim_interfaces/local/lib/python3.10/dist-packages:${PYTHONPATH} /usr/bin/cmake /home/lan/rm_vision_ws/src/rm_auto_aim/rm_auto_aim -DAMENT_CMAKE_SYMLINK_INSTALL=1 -DCMAKE_INSTALL_PREFIX=/home/lan/rm_vision_ws/install/rm_auto_aim
[0.374s] Invoking command in '/home/lan/rm_vision_ws/build/rm_auto_aim': AMENT_PREFIX_PATH=/home/lan/rm_vision_ws/install/armor_tracker:/home/lan/rm_vision_ws/install/armor_detector:/home/lan/rm_vision_ws/install/auto_aim_interfaces:${AMENT_PREFIX_PATH} CMAKE_PREFIX_PATH=/home/lan/rm_vision_ws/install/armor_tracker:/home/lan/rm_vision_ws/install/armor_detector:/home/lan/rm_vision_ws/install/auto_aim_interfaces:/opt/ros/humble LD_LIBRARY_PATH=/home/lan/rm_vision_ws/install/armor_tracker/lib:/home/lan/rm_vision_ws/install/armor_detector/lib:/home/lan/rm_vision_ws/install/auto_aim_interfaces/lib:${LD_LIBRARY_PATH} PYTHONPATH=/home/lan/rm_vision_ws/install/auto_aim_interfaces/local/lib/python3.10/dist-packages:${PYTHONPATH} /usr/bin/cmake --build /home/lan/rm_vision_ws/build/rm_auto_aim -- -j16 -l16
[0.400s] Invoked command in '/home/lan/rm_vision_ws/build/rm_auto_aim' returned '0': AMENT_PREFIX_PATH=/home/lan/rm_vision_ws/install/armor_tracker:/home/lan/rm_vision_ws/install/armor_detector:/home/lan/rm_vision_ws/install/auto_aim_interfaces:${AMENT_PREFIX_PATH} CMAKE_PREFIX_PATH=/home/lan/rm_vision_ws/install/armor_tracker:/home/lan/rm_vision_ws/install/armor_detector:/home/lan/rm_vision_ws/install/auto_aim_interfaces:/opt/ros/humble LD_LIBRARY_PATH=/home/lan/rm_vision_ws/install/armor_tracker/lib:/home/lan/rm_vision_ws/install/armor_detector/lib:/home/lan/rm_vision_ws/install/auto_aim_interfaces/lib:${LD_LIBRARY_PATH} PYTHONPATH=/home/lan/rm_vision_ws/install/auto_aim_interfaces/local/lib/python3.10/dist-packages:${PYTHONPATH} /usr/bin/cmake --build /home/lan/rm_vision_ws/build/rm_auto_aim -- -j16 -l16
[0.401s] Invoking command in '/home/lan/rm_vision_ws/build/rm_auto_aim': AMENT_PREFIX_PATH=/home/lan/rm_vision_ws/install/armor_tracker:/home/lan/rm_vision_ws/install/armor_detector:/home/lan/rm_vision_ws/install/auto_aim_interfaces:${AMENT_PREFIX_PATH} CMAKE_PREFIX_PATH=/home/lan/rm_vision_ws/install/armor_tracker:/home/lan/rm_vision_ws/install/armor_detector:/home/lan/rm_vision_ws/install/auto_aim_interfaces:/opt/ros/humble LD_LIBRARY_PATH=/home/lan/rm_vision_ws/install/armor_tracker/lib:/home/lan/rm_vision_ws/install/armor_detector/lib:/home/lan/rm_vision_ws/install/auto_aim_interfaces/lib:${LD_LIBRARY_PATH} PYTHONPATH=/home/lan/rm_vision_ws/install/auto_aim_interfaces/local/lib/python3.10/dist-packages:${PYTHONPATH} /usr/bin/cmake --install /home/lan/rm_vision_ws/build/rm_auto_aim
[0.406s] -- Install configuration: ""
[0.406s] -- Execute custom install script
[0.406s] -- Symlinking: /home/lan/rm_vision_ws/install/rm_auto_aim/share/ament_index/resource_index/package_run_dependencies/rm_auto_aim
[0.412s] -- Symlinking: /home/lan/rm_vision_ws/install/rm_auto_aim/share/ament_index/resource_index/parent_prefix_path/rm_auto_aim
[0.417s] -- Symlinking: /home/lan/rm_vision_ws/install/rm_auto_aim/share/rm_auto_aim/environment/ament_prefix_path.sh
[0.424s] -- Symlinking: /home/lan/rm_vision_ws/install/rm_auto_aim/share/rm_auto_aim/environment/ament_prefix_path.dsv
[0.428s] -- Symlinking: /home/lan/rm_vision_ws/install/rm_auto_aim/share/rm_auto_aim/environment/path.sh
[0.432s] -- Symlinking: /home/lan/rm_vision_ws/install/rm_auto_aim/share/rm_auto_aim/environment/path.dsv
[0.437s] -- Symlinking: /home/lan/rm_vision_ws/install/rm_auto_aim/share/rm_auto_aim/local_setup.bash
[0.442s] -- Symlinking: /home/lan/rm_vision_ws/install/rm_auto_aim/share/rm_auto_aim/local_setup.sh
[0.449s] -- Symlinking: /home/lan/rm_vision_ws/install/rm_auto_aim/share/rm_auto_aim/local_setup.zsh
[0.453s] -- Symlinking: /home/lan/rm_vision_ws/install/rm_auto_aim/share/rm_auto_aim/local_setup.dsv
[0.459s] -- Symlinking: /home/lan/rm_vision_ws/install/rm_auto_aim/share/rm_auto_aim/package.dsv
[0.463s] -- Symlinking: /home/lan/rm_vision_ws/install/rm_auto_aim/share/ament_index/resource_index/packages/rm_auto_aim
[0.468s] -- Symlinking: /home/lan/rm_vision_ws/install/rm_auto_aim/share/rm_auto_aim/cmake/rm_auto_aimConfig.cmake
[0.473s] -- Symlinking: /home/lan/rm_vision_ws/install/rm_auto_aim/share/rm_auto_aim/cmake/rm_auto_aimConfig-version.cmake
[0.477s] -- Symlinking: /home/lan/rm_vision_ws/install/rm_auto_aim/share/rm_auto_aim/package.xml
[0.486s] Invoked command in '/home/lan/rm_vision_ws/build/rm_auto_aim' returned '0': AMENT_PREFIX_PATH=/home/lan/rm_vision_ws/install/armor_tracker:/home/lan/rm_vision_ws/install/armor_detector:/home/lan/rm_vision_ws/install/auto_aim_interfaces:${AMENT_PREFIX_PATH} CMAKE_PREFIX_PATH=/home/lan/rm_vision_ws/install/armor_tracker:/home/lan/rm_vision_ws/install/armor_detector:/home/lan/rm_vision_ws/install/auto_aim_interfaces:/opt/ros/humble LD_LIBRARY_PATH=/home/lan/rm_vision_ws/install/armor_tracker/lib:/home/lan/rm_vision_ws/install/armor_detector/lib:/home/lan/rm_vision_ws/install/auto_aim_interfaces/lib:${LD_LIBRARY_PATH} PYTHONPATH=/home/lan/rm_vision_ws/install/auto_aim_interfaces/local/lib/python3.10/dist-packages:${PYTHONPATH} /usr/bin/cmake --install /home/lan/rm_vision_ws/build/rm_auto_aim
