[0.008s] Invoking command in '/home/lan/rm_vision_ws/build/rm_gimbal_description': CMAKE_PREFIX_PATH=/opt/ros/humble /usr/bin/cmake /home/lan/rm_vision_ws/src/rm_gimbal_description -DAMENT_CMAKE_SYMLINK_INSTALL=1 -DCMAKE_INSTALL_PREFIX=/home/lan/rm_vision_ws/install/rm_gimbal_description
[0.050s] -- The C compiler identification is GNU 11.4.0
[0.078s] -- The CXX compiler identification is GNU 11.4.0
[0.082s] -- Detecting C compiler ABI info
[0.117s] -- Detecting C compiler ABI info - done
[0.121s] -- Check for working C compiler: /usr/bin/cc - skipped
[0.121s] -- Detecting C compile features
[0.121s] -- Detecting C compile features - done
[0.123s] -- Detecting CXX compiler ABI info
[0.166s] -- Detecting CXX compiler ABI info - done
[0.170s] -- Check for working CXX compiler: /usr/bin/c++ - skipped
[0.170s] -- Detecting CXX compile features
[0.171s] -- Detecting CXX compile features - done
[0.172s] -- Found ament_cmake: 1.3.12 (/opt/ros/humble/share/ament_cmake/cmake)
[0.265s] -- Found Python3: /usr/bin/python3 (found version "3.10.12") found components: Interpreter 
[0.298s] -- Override CMake install command with custom implementation using symlinks instead of copying resources
[0.308s] -- Found ament_lint_auto: 0.12.14 (/opt/ros/humble/share/ament_lint_auto/cmake)
[0.352s] -- Added test 'lint_cmake' to check CMake code style
[0.353s] -- Added test 'xmllint' to check XML markup files
[0.353s] -- Configuring done
[0.354s] -- Generating done
[0.355s] -- Build files have been written to: /home/lan/rm_vision_ws/build/rm_gimbal_description
[0.359s] Invoked command in '/home/lan/rm_vision_ws/build/rm_gimbal_description' returned '0': CMAKE_PREFIX_PATH=/opt/ros/humble /usr/bin/cmake /home/lan/rm_vision_ws/src/rm_gimbal_description -DAMENT_CMAKE_SYMLINK_INSTALL=1 -DCMAKE_INSTALL_PREFIX=/home/lan/rm_vision_ws/install/rm_gimbal_description
[0.359s] Invoking command in '/home/lan/rm_vision_ws/build/rm_gimbal_description': CMAKE_PREFIX_PATH=/opt/ros/humble /usr/bin/cmake --build /home/lan/rm_vision_ws/build/rm_gimbal_description -- -j16 -l16
[0.382s] Invoked command in '/home/lan/rm_vision_ws/build/rm_gimbal_description' returned '0': CMAKE_PREFIX_PATH=/opt/ros/humble /usr/bin/cmake --build /home/lan/rm_vision_ws/build/rm_gimbal_description -- -j16 -l16
[0.387s] Invoking command in '/home/lan/rm_vision_ws/build/rm_gimbal_description': CMAKE_PREFIX_PATH=/opt/ros/humble /usr/bin/cmake --install /home/lan/rm_vision_ws/build/rm_gimbal_description
[0.393s] -- Install configuration: ""
[0.393s] -- Execute custom install script
[0.393s] -- Symlinking: /home/lan/rm_vision_ws/install/rm_gimbal_description/share/rm_gimbal_description/urdf/rm_gimbal.urdf.xacro
[0.399s] -- Symlinking: /home/lan/rm_vision_ws/install/rm_gimbal_description/share/ament_index/resource_index/package_run_dependencies/rm_gimbal_description
[0.403s] -- Symlinking: /home/lan/rm_vision_ws/install/rm_gimbal_description/share/ament_index/resource_index/parent_prefix_path/rm_gimbal_description
[0.409s] -- Symlinking: /home/lan/rm_vision_ws/install/rm_gimbal_description/share/rm_gimbal_description/environment/ament_prefix_path.sh
[0.413s] -- Symlinking: /home/lan/rm_vision_ws/install/rm_gimbal_description/share/rm_gimbal_description/environment/ament_prefix_path.dsv
[0.418s] -- Symlinking: /home/lan/rm_vision_ws/install/rm_gimbal_description/share/rm_gimbal_description/environment/path.sh
[0.423s] -- Symlinking: /home/lan/rm_vision_ws/install/rm_gimbal_description/share/rm_gimbal_description/environment/path.dsv
[0.428s] -- Symlinking: /home/lan/rm_vision_ws/install/rm_gimbal_description/share/rm_gimbal_description/local_setup.bash
[0.434s] -- Symlinking: /home/lan/rm_vision_ws/install/rm_gimbal_description/share/rm_gimbal_description/local_setup.sh
[0.440s] -- Symlinking: /home/lan/rm_vision_ws/install/rm_gimbal_description/share/rm_gimbal_description/local_setup.zsh
[0.444s] -- Symlinking: /home/lan/rm_vision_ws/install/rm_gimbal_description/share/rm_gimbal_description/local_setup.dsv
[0.448s] -- Symlinking: /home/lan/rm_vision_ws/install/rm_gimbal_description/share/rm_gimbal_description/package.dsv
[0.454s] -- Symlinking: /home/lan/rm_vision_ws/install/rm_gimbal_description/share/ament_index/resource_index/packages/rm_gimbal_description
[0.460s] -- Symlinking: /home/lan/rm_vision_ws/install/rm_gimbal_description/share/rm_gimbal_description/cmake/rm_gimbal_descriptionConfig.cmake
[0.466s] -- Symlinking: /home/lan/rm_vision_ws/install/rm_gimbal_description/share/rm_gimbal_description/cmake/rm_gimbal_descriptionConfig-version.cmake
[0.470s] -- Symlinking: /home/lan/rm_vision_ws/install/rm_gimbal_description/share/rm_gimbal_description/package.xml
[0.476s] Invoked command in '/home/lan/rm_vision_ws/build/rm_gimbal_description' returned '0': CMAKE_PREFIX_PATH=/opt/ros/humble /usr/bin/cmake --install /home/lan/rm_vision_ws/build/rm_gimbal_description
