[0.007s] Invoking command in '/home/lan/rm_vision_ws/build/mindvision_camera': CMAKE_PREFIX_PATH=/opt/ros/humble /usr/bin/cmake /home/lan/rm_vision_ws/src/ros2_mindvision_camera -DAMENT_CMAKE_SYMLINK_INSTALL=1 -DCMAKE_INSTALL_PREFIX=/home/lan/rm_vision_ws/install/mindvision_camera
[0.052s] -- The C compiler identification is GNU 11.4.0
[0.081s] -- The CXX compiler identification is GNU 11.4.0
[0.085s] -- Detecting C compiler ABI info
[0.123s] -- Detecting C compiler ABI info - done
[0.128s] -- Check for working C compiler: /usr/bin/cc - skipped
[0.128s] -- Detecting C compile features
[0.128s] -- Detecting C compile features - done
[0.130s] -- Detecting CXX compiler ABI info
[0.176s] -- Detecting CXX compiler ABI info - done
[0.180s] -- Check for working CXX compiler: /usr/bin/c++ - skipped
[0.180s] -- Detecting CXX compile features
[0.181s] -- Detecting CXX compile features - done
[0.181s] -- Found ament_cmake_auto: 1.3.12 (/opt/ros/humble/share/ament_cmake_auto/cmake)
[0.265s] -- Found Python3: /usr/bin/python3 (found version "3.10.12") found components: Interpreter 
[0.299s] -- Override CMake install command with custom implementation using symlinks instead of copying resources
[0.365s] -- Found rosidl_generator_c: 3.1.8 (/opt/ros/humble/share/rosidl_generator_c/cmake)
[0.367s] -- Found rosidl_adapter: 3.1.8 (/opt/ros/humble/share/rosidl_adapter/cmake)
[0.371s] -- Found rosidl_generator_cpp: 3.1.8 (/opt/ros/humble/share/rosidl_generator_cpp/cmake)
[0.377s] -- Using all available rosidl_typesupport_c: rosidl_typesupport_fastrtps_c;rosidl_typesupport_introspection_c
[0.384s] -- Using all available rosidl_typesupport_cpp: rosidl_typesupport_fastrtps_cpp;rosidl_typesupport_introspection_cpp
[0.406s] -- Found rmw_implementation_cmake: 6.1.2 (/opt/ros/humble/share/rmw_implementation_cmake/cmake)
[0.407s] -- Found rmw_fastrtps_cpp: 6.2.9 (/opt/ros/humble/share/rmw_fastrtps_cpp/cmake)
[0.454s] -- Found OpenSSL: /usr/lib/x86_64-linux-gnu/libcrypto.so (found version "3.0.2")  
[0.468s] -- Found FastRTPS: /opt/ros/humble/include  
[0.489s] -- Using RMW implementation 'rmw_fastrtps_cpp' as default
[0.492s] -- Looking for pthread.h
[0.543s] -- Looking for pthread.h - found
[0.543s] -- Performing Test CMAKE_HAVE_LIBC_PTHREAD
[0.586s] -- Performing Test CMAKE_HAVE_LIBC_PTHREAD - Success
[0.587s] -- Found Threads: TRUE  
[0.661s] -- Found ament_lint_auto: 0.12.14 (/opt/ros/humble/share/ament_lint_auto/cmake)
[0.671s] -- Added test 'cppcheck' to perform static code analysis on C / C++ code
[0.671s] -- Configured cppcheck include dirs: /home/lan/rm_vision_ws/src/ros2_mindvision_camera/mvsdk/include
[0.671s] -- Configured cppcheck exclude dirs and/or files: 
[0.671s] -- Added test 'flake8' to check Python code syntax and style conventions
[0.672s] -- Added test 'lint_cmake' to check CMake code style
[0.672s] -- Added test 'pep257' to check Python code against some of the docstring style conventions in PEP 257
[0.672s] -- Added test 'xmllint' to check XML markup files
[0.673s] -- Configuring done
[0.684s] -- Generating done
[0.686s] -- Build files have been written to: /home/lan/rm_vision_ws/build/mindvision_camera
[0.694s] Invoked command in '/home/lan/rm_vision_ws/build/mindvision_camera' returned '0': CMAKE_PREFIX_PATH=/opt/ros/humble /usr/bin/cmake /home/lan/rm_vision_ws/src/ros2_mindvision_camera -DAMENT_CMAKE_SYMLINK_INSTALL=1 -DCMAKE_INSTALL_PREFIX=/home/lan/rm_vision_ws/install/mindvision_camera
[0.694s] Invoking command in '/home/lan/rm_vision_ws/build/mindvision_camera': CMAKE_PREFIX_PATH=/opt/ros/humble /usr/bin/cmake --build /home/lan/rm_vision_ws/build/mindvision_camera -- -j16 -l16
[0.720s] [ 25%] [32mBuilding CXX object CMakeFiles/mindvision_camera.dir/src/mv_camera_node.cpp.o[0m
[0.721s] [ 50%] [32mBuilding CXX object CMakeFiles/mindvision_camera_node.dir/rclcpp_components/node_main_mindvision_camera_node.cpp.o[0m
[3.209s] [ 75%] [32m[1mLinking CXX executable mindvision_camera_node[0m
[3.279s] [ 75%] Built target mindvision_camera_node
[3.318s] [100%] [32m[1mLinking CXX shared library libmindvision_camera.so[0m
[3.397s] [100%] Built target mindvision_camera
[3.405s] Invoked command in '/home/lan/rm_vision_ws/build/mindvision_camera' returned '0': CMAKE_PREFIX_PATH=/opt/ros/humble /usr/bin/cmake --build /home/lan/rm_vision_ws/build/mindvision_camera -- -j16 -l16
[3.406s] Invoking command in '/home/lan/rm_vision_ws/build/mindvision_camera': CMAKE_PREFIX_PATH=/opt/ros/humble /usr/bin/cmake --install /home/lan/rm_vision_ws/build/mindvision_camera
[3.410s] -- Install configuration: ""
[3.411s] -- Execute custom install script
[3.411s] -- Symlinking: /home/lan/rm_vision_ws/install/mindvision_camera/lib/mindvision_camera/mindvision_camera_node
[3.415s] -- Symlinking: /home/lan/rm_vision_ws/install/mindvision_camera/share/mindvision_camera/environment/library_path.sh
[3.420s] -- Symlinking: /home/lan/rm_vision_ws/install/mindvision_camera/share/mindvision_camera/environment/library_path.dsv
[3.424s] -- Symlinking: /home/lan/rm_vision_ws/install/mindvision_camera/lib/libmindvision_camera.so
[3.429s] -- Symlinking: /home/lan/rm_vision_ws/install/mindvision_camera/share/mindvision_camera/config/camera_info.yaml
[3.434s] -- Symlinking: /home/lan/rm_vision_ws/install/mindvision_camera/share/mindvision_camera/config/camera_params.yaml
[3.438s] -- Symlinking: /home/lan/rm_vision_ws/install/mindvision_camera/share/mindvision_camera/launch/mv_launch.py
[3.444s] -- Symlinking: /home/lan/rm_vision_ws/install/mindvision_camera/share/ament_index/resource_index/package_run_dependencies/mindvision_camera
[3.449s] -- Symlinking: /home/lan/rm_vision_ws/install/mindvision_camera/share/ament_index/resource_index/parent_prefix_path/mindvision_camera
[3.455s] -- Symlinking: /home/lan/rm_vision_ws/install/mindvision_camera/share/mindvision_camera/environment/ament_prefix_path.sh
[3.459s] -- Symlinking: /home/lan/rm_vision_ws/install/mindvision_camera/share/mindvision_camera/environment/ament_prefix_path.dsv
[3.465s] -- Symlinking: /home/lan/rm_vision_ws/install/mindvision_camera/share/mindvision_camera/environment/path.sh
[3.469s] -- Symlinking: /home/lan/rm_vision_ws/install/mindvision_camera/share/mindvision_camera/environment/path.dsv
[3.475s] -- Symlinking: /home/lan/rm_vision_ws/install/mindvision_camera/share/mindvision_camera/local_setup.bash
[3.479s] -- Symlinking: /home/lan/rm_vision_ws/install/mindvision_camera/share/mindvision_camera/local_setup.sh
[3.483s] -- Symlinking: /home/lan/rm_vision_ws/install/mindvision_camera/share/mindvision_camera/local_setup.zsh
[3.487s] -- Symlinking: /home/lan/rm_vision_ws/install/mindvision_camera/share/mindvision_camera/local_setup.dsv
[3.492s] -- Symlinking: /home/lan/rm_vision_ws/install/mindvision_camera/share/mindvision_camera/package.dsv
[3.496s] -- Symlinking: /home/lan/rm_vision_ws/install/mindvision_camera/share/ament_index/resource_index/packages/mindvision_camera
[3.502s] -- Symlinking: /home/lan/rm_vision_ws/install/mindvision_camera/share/ament_index/resource_index/rclcpp_components/mindvision_camera
[3.506s] -- Symlinking: /home/lan/rm_vision_ws/install/mindvision_camera/share/mindvision_camera/cmake/ament_cmake_export_dependencies-extras.cmake
[3.511s] -- Symlinking: /home/lan/rm_vision_ws/install/mindvision_camera/share/mindvision_camera/cmake/ament_cmake_export_libraries-extras.cmake
[3.517s] -- Symlinking: /home/lan/rm_vision_ws/install/mindvision_camera/share/mindvision_camera/cmake/mindvision_cameraConfig.cmake
[3.523s] -- Symlinking: /home/lan/rm_vision_ws/install/mindvision_camera/share/mindvision_camera/cmake/mindvision_cameraConfig-version.cmake
[3.527s] -- Symlinking: /home/lan/rm_vision_ws/install/mindvision_camera/share/mindvision_camera/package.xml
[3.535s] Invoked command in '/home/lan/rm_vision_ws/build/mindvision_camera' returned '0': CMAKE_PREFIX_PATH=/opt/ros/humble /usr/bin/cmake --install /home/lan/rm_vision_ws/build/mindvision_camera
