[0.010s] Invoking command in '/home/lan/rm_vision_ws/build/rm_vision_bringup': AMENT_PREFIX_PATH=/home/lan/rm_vision_ws/install/rm_auto_aim:/home/lan/rm_vision_ws/install/rm_serial_driver:/home/lan/rm_vision_ws/install/armor_tracker:/home/lan/rm_vision_ws/install/armor_detector:/home/lan/rm_vision_ws/install/auto_aim_interfaces:${AMENT_PREFIX_PATH} CMAKE_PREFIX_PATH=/home/lan/rm_vision_ws/install/rm_auto_aim:/home/lan/rm_vision_ws/install/rm_serial_driver:/home/lan/rm_vision_ws/install/armor_tracker:/home/lan/rm_vision_ws/install/armor_detector:/home/lan/rm_vision_ws/install/auto_aim_interfaces:/opt/ros/humble LD_LIBRARY_PATH=/home/lan/rm_vision_ws/install/rm_serial_driver/lib:/home/lan/rm_vision_ws/install/armor_tracker/lib:/home/lan/rm_vision_ws/install/armor_detector/lib:/home/lan/rm_vision_ws/install/auto_aim_interfaces/lib:${LD_LIBRARY_PATH} PYTHONPATH=/home/lan/rm_vision_ws/install/auto_aim_interfaces/local/lib/python3.10/dist-packages:${PYTHONPATH} /usr/bin/cmake /home/lan/rm_vision_ws/src/rm_vision/rm_vision_bringup -DAMENT_CMAKE_SYMLINK_INSTALL=1 -DCMAKE_INSTALL_PREFIX=/home/lan/rm_vision_ws/install/rm_vision_bringup
[0.044s] -- The C compiler identification is GNU 11.4.0
[0.077s] -- The CXX compiler identification is GNU 11.4.0
[0.082s] -- Detecting C compiler ABI info
[0.124s] -- Detecting C compiler ABI info - done
[0.128s] -- Check for working C compiler: /usr/bin/cc - skipped
[0.128s] -- Detecting C compile features
[0.128s] -- Detecting C compile features - done
[0.130s] -- Detecting CXX compiler ABI info
[0.182s] -- Detecting CXX compiler ABI info - done
[0.187s] -- Check for working CXX compiler: /usr/bin/c++ - skipped
[0.187s] -- Detecting CXX compile features
[0.187s] -- Detecting CXX compile features - done
[0.189s] -- Found ament_cmake_auto: 1.3.12 (/opt/ros/humble/share/ament_cmake_auto/cmake)
[0.283s] -- Found Python3: /usr/bin/python3 (found version "3.10.12") found components: Interpreter 
[0.318s] -- Override CMake install command with custom implementation using symlinks instead of copying resources
[0.333s] -- Found ament_lint_auto: 0.12.14 (/opt/ros/humble/share/ament_lint_auto/cmake)
[0.372s] -- Configuring done
[0.373s] -- Generating done
[0.373s] -- Build files have been written to: /home/lan/rm_vision_ws/build/rm_vision_bringup
[0.376s] Invoked command in '/home/lan/rm_vision_ws/build/rm_vision_bringup' returned '0': AMENT_PREFIX_PATH=/home/lan/rm_vision_ws/install/rm_auto_aim:/home/lan/rm_vision_ws/install/rm_serial_driver:/home/lan/rm_vision_ws/install/armor_tracker:/home/lan/rm_vision_ws/install/armor_detector:/home/lan/rm_vision_ws/install/auto_aim_interfaces:${AMENT_PREFIX_PATH} CMAKE_PREFIX_PATH=/home/lan/rm_vision_ws/install/rm_auto_aim:/home/lan/rm_vision_ws/install/rm_serial_driver:/home/lan/rm_vision_ws/install/armor_tracker:/home/lan/rm_vision_ws/install/armor_detector:/home/lan/rm_vision_ws/install/auto_aim_interfaces:/opt/ros/humble LD_LIBRARY_PATH=/home/lan/rm_vision_ws/install/rm_serial_driver/lib:/home/lan/rm_vision_ws/install/armor_tracker/lib:/home/lan/rm_vision_ws/install/armor_detector/lib:/home/lan/rm_vision_ws/install/auto_aim_interfaces/lib:${LD_LIBRARY_PATH} PYTHONPATH=/home/lan/rm_vision_ws/install/auto_aim_interfaces/local/lib/python3.10/dist-packages:${PYTHONPATH} /usr/bin/cmake /home/lan/rm_vision_ws/src/rm_vision/rm_vision_bringup -DAMENT_CMAKE_SYMLINK_INSTALL=1 -DCMAKE_INSTALL_PREFIX=/home/lan/rm_vision_ws/install/rm_vision_bringup
[0.377s] Invoking command in '/home/lan/rm_vision_ws/build/rm_vision_bringup': AMENT_PREFIX_PATH=/home/lan/rm_vision_ws/install/rm_auto_aim:/home/lan/rm_vision_ws/install/rm_serial_driver:/home/lan/rm_vision_ws/install/armor_tracker:/home/lan/rm_vision_ws/install/armor_detector:/home/lan/rm_vision_ws/install/auto_aim_interfaces:${AMENT_PREFIX_PATH} CMAKE_PREFIX_PATH=/home/lan/rm_vision_ws/install/rm_auto_aim:/home/lan/rm_vision_ws/install/rm_serial_driver:/home/lan/rm_vision_ws/install/armor_tracker:/home/lan/rm_vision_ws/install/armor_detector:/home/lan/rm_vision_ws/install/auto_aim_interfaces:/opt/ros/humble LD_LIBRARY_PATH=/home/lan/rm_vision_ws/install/rm_serial_driver/lib:/home/lan/rm_vision_ws/install/armor_tracker/lib:/home/lan/rm_vision_ws/install/armor_detector/lib:/home/lan/rm_vision_ws/install/auto_aim_interfaces/lib:${LD_LIBRARY_PATH} PYTHONPATH=/home/lan/rm_vision_ws/install/auto_aim_interfaces/local/lib/python3.10/dist-packages:${PYTHONPATH} /usr/bin/cmake --build /home/lan/rm_vision_ws/build/rm_vision_bringup -- -j16 -l16
[0.402s] Invoked command in '/home/lan/rm_vision_ws/build/rm_vision_bringup' returned '0': AMENT_PREFIX_PATH=/home/lan/rm_vision_ws/install/rm_auto_aim:/home/lan/rm_vision_ws/install/rm_serial_driver:/home/lan/rm_vision_ws/install/armor_tracker:/home/lan/rm_vision_ws/install/armor_detector:/home/lan/rm_vision_ws/install/auto_aim_interfaces:${AMENT_PREFIX_PATH} CMAKE_PREFIX_PATH=/home/lan/rm_vision_ws/install/rm_auto_aim:/home/lan/rm_vision_ws/install/rm_serial_driver:/home/lan/rm_vision_ws/install/armor_tracker:/home/lan/rm_vision_ws/install/armor_detector:/home/lan/rm_vision_ws/install/auto_aim_interfaces:/opt/ros/humble LD_LIBRARY_PATH=/home/lan/rm_vision_ws/install/rm_serial_driver/lib:/home/lan/rm_vision_ws/install/armor_tracker/lib:/home/lan/rm_vision_ws/install/armor_detector/lib:/home/lan/rm_vision_ws/install/auto_aim_interfaces/lib:${LD_LIBRARY_PATH} PYTHONPATH=/home/lan/rm_vision_ws/install/auto_aim_interfaces/local/lib/python3.10/dist-packages:${PYTHONPATH} /usr/bin/cmake --build /home/lan/rm_vision_ws/build/rm_vision_bringup -- -j16 -l16
[0.403s] Invoking command in '/home/lan/rm_vision_ws/build/rm_vision_bringup': AMENT_PREFIX_PATH=/home/lan/rm_vision_ws/install/rm_auto_aim:/home/lan/rm_vision_ws/install/rm_serial_driver:/home/lan/rm_vision_ws/install/armor_tracker:/home/lan/rm_vision_ws/install/armor_detector:/home/lan/rm_vision_ws/install/auto_aim_interfaces:${AMENT_PREFIX_PATH} CMAKE_PREFIX_PATH=/home/lan/rm_vision_ws/install/rm_auto_aim:/home/lan/rm_vision_ws/install/rm_serial_driver:/home/lan/rm_vision_ws/install/armor_tracker:/home/lan/rm_vision_ws/install/armor_detector:/home/lan/rm_vision_ws/install/auto_aim_interfaces:/opt/ros/humble LD_LIBRARY_PATH=/home/lan/rm_vision_ws/install/rm_serial_driver/lib:/home/lan/rm_vision_ws/install/armor_tracker/lib:/home/lan/rm_vision_ws/install/armor_detector/lib:/home/lan/rm_vision_ws/install/auto_aim_interfaces/lib:${LD_LIBRARY_PATH} PYTHONPATH=/home/lan/rm_vision_ws/install/auto_aim_interfaces/local/lib/python3.10/dist-packages:${PYTHONPATH} /usr/bin/cmake --install /home/lan/rm_vision_ws/build/rm_vision_bringup
[0.409s] -- Install configuration: ""
[0.409s] -- Execute custom install script
[0.409s] -- Symlinking: /home/lan/rm_vision_ws/install/rm_vision_bringup/share/rm_vision_bringup/launch/common.py
[0.416s] -- Symlinking: /home/lan/rm_vision_ws/install/rm_vision_bringup/share/rm_vision_bringup/launch/no_hardware.launch.py
[0.422s] -- Symlinking: /home/lan/rm_vision_ws/install/rm_vision_bringup/share/rm_vision_bringup/launch/vision_bringup.launch.py
[0.428s] -- Symlinking: /home/lan/rm_vision_ws/install/rm_vision_bringup/share/rm_vision_bringup/config/camera_info.yaml
[0.434s] -- Symlinking: /home/lan/rm_vision_ws/install/rm_vision_bringup/share/rm_vision_bringup/config/launch_params.yaml
[0.440s] -- Symlinking: /home/lan/rm_vision_ws/install/rm_vision_bringup/share/rm_vision_bringup/config/node_params.yaml
[0.444s] -- Symlinking: /home/lan/rm_vision_ws/install/rm_vision_bringup/share/ament_index/resource_index/package_run_dependencies/rm_vision_bringup
[0.451s] -- Symlinking: /home/lan/rm_vision_ws/install/rm_vision_bringup/share/ament_index/resource_index/parent_prefix_path/rm_vision_bringup
[0.456s] -- Symlinking: /home/lan/rm_vision_ws/install/rm_vision_bringup/share/rm_vision_bringup/environment/ament_prefix_path.sh
[0.461s] -- Symlinking: /home/lan/rm_vision_ws/install/rm_vision_bringup/share/rm_vision_bringup/environment/ament_prefix_path.dsv
[0.466s] -- Symlinking: /home/lan/rm_vision_ws/install/rm_vision_bringup/share/rm_vision_bringup/environment/path.sh
[0.471s] -- Symlinking: /home/lan/rm_vision_ws/install/rm_vision_bringup/share/rm_vision_bringup/environment/path.dsv
[0.476s] -- Symlinking: /home/lan/rm_vision_ws/install/rm_vision_bringup/share/rm_vision_bringup/local_setup.bash
[0.482s] -- Symlinking: /home/lan/rm_vision_ws/install/rm_vision_bringup/share/rm_vision_bringup/local_setup.sh
[0.486s] -- Symlinking: /home/lan/rm_vision_ws/install/rm_vision_bringup/share/rm_vision_bringup/local_setup.zsh
[0.491s] -- Symlinking: /home/lan/rm_vision_ws/install/rm_vision_bringup/share/rm_vision_bringup/local_setup.dsv
[0.497s] -- Symlinking: /home/lan/rm_vision_ws/install/rm_vision_bringup/share/rm_vision_bringup/package.dsv
[0.503s] -- Symlinking: /home/lan/rm_vision_ws/install/rm_vision_bringup/share/ament_index/resource_index/packages/rm_vision_bringup
[0.508s] -- Symlinking: /home/lan/rm_vision_ws/install/rm_vision_bringup/share/rm_vision_bringup/cmake/rm_vision_bringupConfig.cmake
[0.513s] -- Symlinking: /home/lan/rm_vision_ws/install/rm_vision_bringup/share/rm_vision_bringup/cmake/rm_vision_bringupConfig-version.cmake
[0.518s] -- Symlinking: /home/lan/rm_vision_ws/install/rm_vision_bringup/share/rm_vision_bringup/package.xml
[0.526s] Invoked command in '/home/lan/rm_vision_ws/build/rm_vision_bringup' returned '0': AMENT_PREFIX_PATH=/home/lan/rm_vision_ws/install/rm_auto_aim:/home/lan/rm_vision_ws/install/rm_serial_driver:/home/lan/rm_vision_ws/install/armor_tracker:/home/lan/rm_vision_ws/install/armor_detector:/home/lan/rm_vision_ws/install/auto_aim_interfaces:${AMENT_PREFIX_PATH} CMAKE_PREFIX_PATH=/home/lan/rm_vision_ws/install/rm_auto_aim:/home/lan/rm_vision_ws/install/rm_serial_driver:/home/lan/rm_vision_ws/install/armor_tracker:/home/lan/rm_vision_ws/install/armor_detector:/home/lan/rm_vision_ws/install/auto_aim_interfaces:/opt/ros/humble LD_LIBRARY_PATH=/home/lan/rm_vision_ws/install/rm_serial_driver/lib:/home/lan/rm_vision_ws/install/armor_tracker/lib:/home/lan/rm_vision_ws/install/armor_detector/lib:/home/lan/rm_vision_ws/install/auto_aim_interfaces/lib:${LD_LIBRARY_PATH} PYTHONPATH=/home/lan/rm_vision_ws/install/auto_aim_interfaces/local/lib/python3.10/dist-packages:${PYTHONPATH} /usr/bin/cmake --install /home/lan/rm_vision_ws/build/rm_vision_bringup
