[0.061s] DEBUG:colcon:Command line arguments: ['/usr/bin/colcon', 'build', '--symlink-install']
[0.061s] DEBUG:colcon:Parsed command line arguments: Namespace(log_base=None, log_level=None, verb_name='build', build_base='build', install_base='install', merge_install=False, symlink_install=True, test_result_base=None, continue_on_error=False, executor='parallel', parallel_workers=16, event_handlers=None, ignore_user_meta=False, metas=['./colcon.meta'], base_paths=['.'], packages_ignore=None, packages_ignore_regex=None, paths=None, packages_up_to=None, packages_up_to_regex=None, packages_above=None, packages_above_and_dependencies=None, packages_above_depth=None, packages_select_by_dep=None, packages_skip_by_dep=None, packages_skip_up_to=None, packages_select_build_failed=False, packages_skip_build_finished=False, packages_select_test_failures=False, packages_skip_test_passed=False, packages_select=None, packages_skip=None, packages_select_regex=None, packages_skip_regex=None, packages_start=None, packages_end=None, allow_overriding=[], cmake_args=None, cmake_target=None, cmake_target_skip_unavailable=False, cmake_clean_cache=False, cmake_clean_first=False, cmake_force_configure=False, ament_cmake_args=None, catkin_cmake_args=None, catkin_skip_building_tests=False, verb_parser=<colcon_defaults.argument_parser.defaults.DefaultArgumentsDecorator object at 0x72ab7d327580>, verb_extension=<colcon_core.verb.build.BuildVerb object at 0x72ab7d327040>, main=<bound method BuildVerb.main of <colcon_core.verb.build.BuildVerb object at 0x72ab7d327040>>)
[0.137s] Level 1:colcon.colcon_core.package_discovery:discover_packages(colcon_meta) check parameters
[0.137s] Level 1:colcon.colcon_core.package_discovery:discover_packages(recursive) check parameters
[0.137s] Level 1:colcon.colcon_core.package_discovery:discover_packages(ignore) check parameters
[0.137s] Level 1:colcon.colcon_core.package_discovery:discover_packages(path) check parameters
[0.137s] Level 1:colcon.colcon_core.package_discovery:discover_packages(colcon_meta) discover
[0.137s] Level 1:colcon.colcon_core.package_discovery:discover_packages(recursive) discover
[0.137s] INFO:colcon.colcon_core.package_discovery:Crawling recursively for packages in '/home/lan/rm_vision_ws'
[0.137s] Level 1:colcon.colcon_core.package_identification:_identify(.) by extensions ['ignore', 'ignore_ament_install']
[0.137s] Level 1:colcon.colcon_core.package_identification:_identify(.) by extension 'ignore'
[0.137s] Level 1:colcon.colcon_core.package_identification:_identify(.) by extension 'ignore_ament_install'
[0.137s] Level 1:colcon.colcon_core.package_identification:_identify(.) by extensions ['colcon_pkg']
[0.137s] Level 1:colcon.colcon_core.package_identification:_identify(.) by extension 'colcon_pkg'
[0.137s] Level 1:colcon.colcon_core.package_identification:_identify(.) by extensions ['colcon_meta']
[0.137s] Level 1:colcon.colcon_core.package_identification:_identify(.) by extension 'colcon_meta'
[0.137s] Level 1:colcon.colcon_core.package_identification:_identify(.) by extensions ['ros']
[0.137s] Level 1:colcon.colcon_core.package_identification:_identify(.) by extension 'ros'
[0.144s] Level 1:colcon.colcon_core.package_identification:_identify(.) by extensions ['cmake', 'python']
[0.144s] Level 1:colcon.colcon_core.package_identification:_identify(.) by extension 'cmake'
[0.144s] Level 1:colcon.colcon_core.package_identification:_identify(.) by extension 'python'
[0.144s] Level 1:colcon.colcon_core.package_identification:_identify(.) by extensions ['python_setup_py']
[0.144s] Level 1:colcon.colcon_core.package_identification:_identify(.) by extension 'python_setup_py'
[0.144s] Level 1:colcon.colcon_core.package_identification:_identify(build) by extensions ['ignore', 'ignore_ament_install']
[0.144s] Level 1:colcon.colcon_core.package_identification:_identify(build) by extension 'ignore'
[0.144s] Level 1:colcon.colcon_core.package_identification:_identify(build) ignored
[0.144s] Level 1:colcon.colcon_core.package_identification:_identify(install) by extensions ['ignore', 'ignore_ament_install']
[0.144s] Level 1:colcon.colcon_core.package_identification:_identify(install) by extension 'ignore'
[0.144s] Level 1:colcon.colcon_core.package_identification:_identify(install) ignored
[0.144s] Level 1:colcon.colcon_core.package_identification:_identify(log) by extensions ['ignore', 'ignore_ament_install']
[0.144s] Level 1:colcon.colcon_core.package_identification:_identify(log) by extension 'ignore'
[0.144s] Level 1:colcon.colcon_core.package_identification:_identify(log) ignored
[0.144s] Level 1:colcon.colcon_core.package_identification:_identify(src) by extensions ['ignore', 'ignore_ament_install']
[0.144s] Level 1:colcon.colcon_core.package_identification:_identify(src) by extension 'ignore'
[0.144s] Level 1:colcon.colcon_core.package_identification:_identify(src) by extension 'ignore_ament_install'
[0.144s] Level 1:colcon.colcon_core.package_identification:_identify(src) by extensions ['colcon_pkg']
[0.144s] Level 1:colcon.colcon_core.package_identification:_identify(src) by extension 'colcon_pkg'
[0.144s] Level 1:colcon.colcon_core.package_identification:_identify(src) by extensions ['colcon_meta']
[0.144s] Level 1:colcon.colcon_core.package_identification:_identify(src) by extension 'colcon_meta'
[0.144s] Level 1:colcon.colcon_core.package_identification:_identify(src) by extensions ['ros']
[0.144s] Level 1:colcon.colcon_core.package_identification:_identify(src) by extension 'ros'
[0.144s] Level 1:colcon.colcon_core.package_identification:_identify(src) by extensions ['cmake', 'python']
[0.144s] Level 1:colcon.colcon_core.package_identification:_identify(src) by extension 'cmake'
[0.144s] Level 1:colcon.colcon_core.package_identification:_identify(src) by extension 'python'
[0.144s] Level 1:colcon.colcon_core.package_identification:_identify(src) by extensions ['python_setup_py']
[0.144s] Level 1:colcon.colcon_core.package_identification:_identify(src) by extension 'python_setup_py'
[0.144s] Level 1:colcon.colcon_core.package_identification:_identify(src/rm_auto_aim) by extensions ['ignore', 'ignore_ament_install']
[0.144s] Level 1:colcon.colcon_core.package_identification:_identify(src/rm_auto_aim) by extension 'ignore'
[0.144s] Level 1:colcon.colcon_core.package_identification:_identify(src/rm_auto_aim) by extension 'ignore_ament_install'
[0.144s] Level 1:colcon.colcon_core.package_identification:_identify(src/rm_auto_aim) by extensions ['colcon_pkg']
[0.144s] Level 1:colcon.colcon_core.package_identification:_identify(src/rm_auto_aim) by extension 'colcon_pkg'
[0.144s] Level 1:colcon.colcon_core.package_identification:_identify(src/rm_auto_aim) by extensions ['colcon_meta']
[0.144s] Level 1:colcon.colcon_core.package_identification:_identify(src/rm_auto_aim) by extension 'colcon_meta'
[0.144s] Level 1:colcon.colcon_core.package_identification:_identify(src/rm_auto_aim) by extensions ['ros']
[0.144s] Level 1:colcon.colcon_core.package_identification:_identify(src/rm_auto_aim) by extension 'ros'
[0.144s] Level 1:colcon.colcon_core.package_identification:_identify(src/rm_auto_aim) by extensions ['cmake', 'python']
[0.144s] Level 1:colcon.colcon_core.package_identification:_identify(src/rm_auto_aim) by extension 'cmake'
[0.144s] Level 1:colcon.colcon_core.package_identification:_identify(src/rm_auto_aim) by extension 'python'
[0.144s] Level 1:colcon.colcon_core.package_identification:_identify(src/rm_auto_aim) by extensions ['python_setup_py']
[0.144s] Level 1:colcon.colcon_core.package_identification:_identify(src/rm_auto_aim) by extension 'python_setup_py'
[0.145s] Level 1:colcon.colcon_core.package_identification:_identify(src/rm_auto_aim/armor_detector) by extensions ['ignore', 'ignore_ament_install']
[0.145s] Level 1:colcon.colcon_core.package_identification:_identify(src/rm_auto_aim/armor_detector) by extension 'ignore'
[0.145s] Level 1:colcon.colcon_core.package_identification:_identify(src/rm_auto_aim/armor_detector) by extension 'ignore_ament_install'
[0.145s] Level 1:colcon.colcon_core.package_identification:_identify(src/rm_auto_aim/armor_detector) by extensions ['colcon_pkg']
[0.145s] Level 1:colcon.colcon_core.package_identification:_identify(src/rm_auto_aim/armor_detector) by extension 'colcon_pkg'
[0.145s] Level 1:colcon.colcon_core.package_identification:_identify(src/rm_auto_aim/armor_detector) by extensions ['colcon_meta']
[0.145s] Level 1:colcon.colcon_core.package_identification:_identify(src/rm_auto_aim/armor_detector) by extension 'colcon_meta'
[0.145s] Level 1:colcon.colcon_core.package_identification:_identify(src/rm_auto_aim/armor_detector) by extensions ['ros']
[0.145s] Level 1:colcon.colcon_core.package_identification:_identify(src/rm_auto_aim/armor_detector) by extension 'ros'
[0.146s] DEBUG:colcon.colcon_core.package_identification:Package 'src/rm_auto_aim/armor_detector' with type 'ros.ament_cmake' and name 'armor_detector'
[0.146s] Level 1:colcon.colcon_core.package_identification:_identify(src/rm_auto_aim/armor_tracker) by extensions ['ignore', 'ignore_ament_install']
[0.147s] Level 1:colcon.colcon_core.package_identification:_identify(src/rm_auto_aim/armor_tracker) by extension 'ignore'
[0.147s] Level 1:colcon.colcon_core.package_identification:_identify(src/rm_auto_aim/armor_tracker) by extension 'ignore_ament_install'
[0.147s] Level 1:colcon.colcon_core.package_identification:_identify(src/rm_auto_aim/armor_tracker) by extensions ['colcon_pkg']
[0.147s] Level 1:colcon.colcon_core.package_identification:_identify(src/rm_auto_aim/armor_tracker) by extension 'colcon_pkg'
[0.147s] Level 1:colcon.colcon_core.package_identification:_identify(src/rm_auto_aim/armor_tracker) by extensions ['colcon_meta']
[0.147s] Level 1:colcon.colcon_core.package_identification:_identify(src/rm_auto_aim/armor_tracker) by extension 'colcon_meta'
[0.147s] Level 1:colcon.colcon_core.package_identification:_identify(src/rm_auto_aim/armor_tracker) by extensions ['ros']
[0.147s] Level 1:colcon.colcon_core.package_identification:_identify(src/rm_auto_aim/armor_tracker) by extension 'ros'
[0.147s] DEBUG:colcon.colcon_core.package_identification:Package 'src/rm_auto_aim/armor_tracker' with type 'ros.ament_cmake' and name 'armor_tracker'
[0.147s] Level 1:colcon.colcon_core.package_identification:_identify(src/rm_auto_aim/auto_aim_interfaces) by extensions ['ignore', 'ignore_ament_install']
[0.147s] Level 1:colcon.colcon_core.package_identification:_identify(src/rm_auto_aim/auto_aim_interfaces) by extension 'ignore'
[0.147s] Level 1:colcon.colcon_core.package_identification:_identify(src/rm_auto_aim/auto_aim_interfaces) by extension 'ignore_ament_install'
[0.147s] Level 1:colcon.colcon_core.package_identification:_identify(src/rm_auto_aim/auto_aim_interfaces) by extensions ['colcon_pkg']
[0.147s] Level 1:colcon.colcon_core.package_identification:_identify(src/rm_auto_aim/auto_aim_interfaces) by extension 'colcon_pkg'
[0.147s] Level 1:colcon.colcon_core.package_identification:_identify(src/rm_auto_aim/auto_aim_interfaces) by extensions ['colcon_meta']
[0.147s] Level 1:colcon.colcon_core.package_identification:_identify(src/rm_auto_aim/auto_aim_interfaces) by extension 'colcon_meta'
[0.147s] Level 1:colcon.colcon_core.package_identification:_identify(src/rm_auto_aim/auto_aim_interfaces) by extensions ['ros']
[0.147s] Level 1:colcon.colcon_core.package_identification:_identify(src/rm_auto_aim/auto_aim_interfaces) by extension 'ros'
[0.148s] DEBUG:colcon.colcon_core.package_identification:Package 'src/rm_auto_aim/auto_aim_interfaces' with type 'ros.ament_cmake' and name 'auto_aim_interfaces'
[0.148s] Level 1:colcon.colcon_core.package_identification:_identify(src/rm_auto_aim/docs) by extensions ['ignore', 'ignore_ament_install']
[0.148s] Level 1:colcon.colcon_core.package_identification:_identify(src/rm_auto_aim/docs) by extension 'ignore'
[0.148s] Level 1:colcon.colcon_core.package_identification:_identify(src/rm_auto_aim/docs) by extension 'ignore_ament_install'
[0.148s] Level 1:colcon.colcon_core.package_identification:_identify(src/rm_auto_aim/docs) by extensions ['colcon_pkg']
[0.148s] Level 1:colcon.colcon_core.package_identification:_identify(src/rm_auto_aim/docs) by extension 'colcon_pkg'
[0.148s] Level 1:colcon.colcon_core.package_identification:_identify(src/rm_auto_aim/docs) by extensions ['colcon_meta']
[0.148s] Level 1:colcon.colcon_core.package_identification:_identify(src/rm_auto_aim/docs) by extension 'colcon_meta'
[0.148s] Level 1:colcon.colcon_core.package_identification:_identify(src/rm_auto_aim/docs) by extensions ['ros']
[0.148s] Level 1:colcon.colcon_core.package_identification:_identify(src/rm_auto_aim/docs) by extension 'ros'
[0.148s] Level 1:colcon.colcon_core.package_identification:_identify(src/rm_auto_aim/docs) by extensions ['cmake', 'python']
[0.148s] Level 1:colcon.colcon_core.package_identification:_identify(src/rm_auto_aim/docs) by extension 'cmake'
[0.148s] Level 1:colcon.colcon_core.package_identification:_identify(src/rm_auto_aim/docs) by extension 'python'
[0.148s] Level 1:colcon.colcon_core.package_identification:_identify(src/rm_auto_aim/docs) by extensions ['python_setup_py']
[0.148s] Level 1:colcon.colcon_core.package_identification:_identify(src/rm_auto_aim/docs) by extension 'python_setup_py'
[0.148s] Level 1:colcon.colcon_core.package_identification:_identify(src/rm_auto_aim/rm_auto_aim) by extensions ['ignore', 'ignore_ament_install']
[0.148s] Level 1:colcon.colcon_core.package_identification:_identify(src/rm_auto_aim/rm_auto_aim) by extension 'ignore'
[0.148s] Level 1:colcon.colcon_core.package_identification:_identify(src/rm_auto_aim/rm_auto_aim) by extension 'ignore_ament_install'
[0.148s] Level 1:colcon.colcon_core.package_identification:_identify(src/rm_auto_aim/rm_auto_aim) by extensions ['colcon_pkg']
[0.148s] Level 1:colcon.colcon_core.package_identification:_identify(src/rm_auto_aim/rm_auto_aim) by extension 'colcon_pkg'
[0.148s] Level 1:colcon.colcon_core.package_identification:_identify(src/rm_auto_aim/rm_auto_aim) by extensions ['colcon_meta']
[0.148s] Level 1:colcon.colcon_core.package_identification:_identify(src/rm_auto_aim/rm_auto_aim) by extension 'colcon_meta'
[0.148s] Level 1:colcon.colcon_core.package_identification:_identify(src/rm_auto_aim/rm_auto_aim) by extensions ['ros']
[0.148s] Level 1:colcon.colcon_core.package_identification:_identify(src/rm_auto_aim/rm_auto_aim) by extension 'ros'
[0.149s] DEBUG:colcon.colcon_core.package_identification:Package 'src/rm_auto_aim/rm_auto_aim' with type 'ros.ament_cmake' and name 'rm_auto_aim'
[0.149s] Level 1:colcon.colcon_core.package_identification:_identify(src/rm_gimbal_description) by extensions ['ignore', 'ignore_ament_install']
[0.149s] Level 1:colcon.colcon_core.package_identification:_identify(src/rm_gimbal_description) by extension 'ignore'
[0.149s] Level 1:colcon.colcon_core.package_identification:_identify(src/rm_gimbal_description) by extension 'ignore_ament_install'
[0.149s] Level 1:colcon.colcon_core.package_identification:_identify(src/rm_gimbal_description) by extensions ['colcon_pkg']
[0.149s] Level 1:colcon.colcon_core.package_identification:_identify(src/rm_gimbal_description) by extension 'colcon_pkg'
[0.149s] Level 1:colcon.colcon_core.package_identification:_identify(src/rm_gimbal_description) by extensions ['colcon_meta']
[0.149s] Level 1:colcon.colcon_core.package_identification:_identify(src/rm_gimbal_description) by extension 'colcon_meta'
[0.149s] Level 1:colcon.colcon_core.package_identification:_identify(src/rm_gimbal_description) by extensions ['ros']
[0.149s] Level 1:colcon.colcon_core.package_identification:_identify(src/rm_gimbal_description) by extension 'ros'
[0.149s] DEBUG:colcon.colcon_core.package_identification:Package 'src/rm_gimbal_description' with type 'ros.ament_cmake' and name 'rm_gimbal_description'
[0.149s] Level 1:colcon.colcon_core.package_identification:_identify(src/rm_serial_driver) by extensions ['ignore', 'ignore_ament_install']
[0.149s] Level 1:colcon.colcon_core.package_identification:_identify(src/rm_serial_driver) by extension 'ignore'
[0.149s] Level 1:colcon.colcon_core.package_identification:_identify(src/rm_serial_driver) by extension 'ignore_ament_install'
[0.149s] Level 1:colcon.colcon_core.package_identification:_identify(src/rm_serial_driver) by extensions ['colcon_pkg']
[0.149s] Level 1:colcon.colcon_core.package_identification:_identify(src/rm_serial_driver) by extension 'colcon_pkg'
[0.149s] Level 1:colcon.colcon_core.package_identification:_identify(src/rm_serial_driver) by extensions ['colcon_meta']
[0.149s] Level 1:colcon.colcon_core.package_identification:_identify(src/rm_serial_driver) by extension 'colcon_meta'
[0.149s] Level 1:colcon.colcon_core.package_identification:_identify(src/rm_serial_driver) by extensions ['ros']
[0.149s] Level 1:colcon.colcon_core.package_identification:_identify(src/rm_serial_driver) by extension 'ros'
[0.150s] DEBUG:colcon.colcon_core.package_identification:Package 'src/rm_serial_driver' with type 'ros.ament_cmake' and name 'rm_serial_driver'
[0.150s] Level 1:colcon.colcon_core.package_identification:_identify(src/rm_vision) by extensions ['ignore', 'ignore_ament_install']
[0.150s] Level 1:colcon.colcon_core.package_identification:_identify(src/rm_vision) by extension 'ignore'
[0.150s] Level 1:colcon.colcon_core.package_identification:_identify(src/rm_vision) by extension 'ignore_ament_install'
[0.150s] Level 1:colcon.colcon_core.package_identification:_identify(src/rm_vision) by extensions ['colcon_pkg']
[0.150s] Level 1:colcon.colcon_core.package_identification:_identify(src/rm_vision) by extension 'colcon_pkg'
[0.150s] Level 1:colcon.colcon_core.package_identification:_identify(src/rm_vision) by extensions ['colcon_meta']
[0.150s] Level 1:colcon.colcon_core.package_identification:_identify(src/rm_vision) by extension 'colcon_meta'
[0.150s] Level 1:colcon.colcon_core.package_identification:_identify(src/rm_vision) by extensions ['ros']
[0.150s] Level 1:colcon.colcon_core.package_identification:_identify(src/rm_vision) by extension 'ros'
[0.150s] Level 1:colcon.colcon_core.package_identification:_identify(src/rm_vision) by extensions ['cmake', 'python']
[0.150s] Level 1:colcon.colcon_core.package_identification:_identify(src/rm_vision) by extension 'cmake'
[0.150s] Level 1:colcon.colcon_core.package_identification:_identify(src/rm_vision) by extension 'python'
[0.150s] Level 1:colcon.colcon_core.package_identification:_identify(src/rm_vision) by extensions ['python_setup_py']
[0.150s] Level 1:colcon.colcon_core.package_identification:_identify(src/rm_vision) by extension 'python_setup_py'
[0.150s] Level 1:colcon.colcon_core.package_identification:_identify(src/rm_vision/docs) by extensions ['ignore', 'ignore_ament_install']
[0.150s] Level 1:colcon.colcon_core.package_identification:_identify(src/rm_vision/docs) by extension 'ignore'
[0.150s] Level 1:colcon.colcon_core.package_identification:_identify(src/rm_vision/docs) by extension 'ignore_ament_install'
[0.150s] Level 1:colcon.colcon_core.package_identification:_identify(src/rm_vision/docs) by extensions ['colcon_pkg']
[0.150s] Level 1:colcon.colcon_core.package_identification:_identify(src/rm_vision/docs) by extension 'colcon_pkg'
[0.150s] Level 1:colcon.colcon_core.package_identification:_identify(src/rm_vision/docs) by extensions ['colcon_meta']
[0.150s] Level 1:colcon.colcon_core.package_identification:_identify(src/rm_vision/docs) by extension 'colcon_meta'
[0.150s] Level 1:colcon.colcon_core.package_identification:_identify(src/rm_vision/docs) by extensions ['ros']
[0.150s] Level 1:colcon.colcon_core.package_identification:_identify(src/rm_vision/docs) by extension 'ros'
[0.150s] Level 1:colcon.colcon_core.package_identification:_identify(src/rm_vision/docs) by extensions ['cmake', 'python']
[0.150s] Level 1:colcon.colcon_core.package_identification:_identify(src/rm_vision/docs) by extension 'cmake'
[0.150s] Level 1:colcon.colcon_core.package_identification:_identify(src/rm_vision/docs) by extension 'python'
[0.150s] Level 1:colcon.colcon_core.package_identification:_identify(src/rm_vision/docs) by extensions ['python_setup_py']
[0.150s] Level 1:colcon.colcon_core.package_identification:_identify(src/rm_vision/docs) by extension 'python_setup_py'
[0.150s] Level 1:colcon.colcon_core.package_identification:_identify(src/rm_vision/rm_vision_bringup) by extensions ['ignore', 'ignore_ament_install']
[0.150s] Level 1:colcon.colcon_core.package_identification:_identify(src/rm_vision/rm_vision_bringup) by extension 'ignore'
[0.150s] Level 1:colcon.colcon_core.package_identification:_identify(src/rm_vision/rm_vision_bringup) by extension 'ignore_ament_install'
[0.150s] Level 1:colcon.colcon_core.package_identification:_identify(src/rm_vision/rm_vision_bringup) by extensions ['colcon_pkg']
[0.150s] Level 1:colcon.colcon_core.package_identification:_identify(src/rm_vision/rm_vision_bringup) by extension 'colcon_pkg'
[0.150s] Level 1:colcon.colcon_core.package_identification:_identify(src/rm_vision/rm_vision_bringup) by extensions ['colcon_meta']
[0.150s] Level 1:colcon.colcon_core.package_identification:_identify(src/rm_vision/rm_vision_bringup) by extension 'colcon_meta'
[0.150s] Level 1:colcon.colcon_core.package_identification:_identify(src/rm_vision/rm_vision_bringup) by extensions ['ros']
[0.151s] Level 1:colcon.colcon_core.package_identification:_identify(src/rm_vision/rm_vision_bringup) by extension 'ros'
[0.151s] DEBUG:colcon.colcon_core.package_identification:Package 'src/rm_vision/rm_vision_bringup' with type 'ros.ament_cmake' and name 'rm_vision_bringup'
[0.151s] Level 1:colcon.colcon_core.package_identification:_identify(src/ros2_hik_camera) by extensions ['ignore', 'ignore_ament_install']
[0.151s] Level 1:colcon.colcon_core.package_identification:_identify(src/ros2_hik_camera) by extension 'ignore'
[0.151s] Level 1:colcon.colcon_core.package_identification:_identify(src/ros2_hik_camera) by extension 'ignore_ament_install'
[0.151s] Level 1:colcon.colcon_core.package_identification:_identify(src/ros2_hik_camera) by extensions ['colcon_pkg']
[0.151s] Level 1:colcon.colcon_core.package_identification:_identify(src/ros2_hik_camera) by extension 'colcon_pkg'
[0.151s] Level 1:colcon.colcon_core.package_identification:_identify(src/ros2_hik_camera) by extensions ['colcon_meta']
[0.151s] Level 1:colcon.colcon_core.package_identification:_identify(src/ros2_hik_camera) by extension 'colcon_meta'
[0.151s] Level 1:colcon.colcon_core.package_identification:_identify(src/ros2_hik_camera) by extensions ['ros']
[0.151s] Level 1:colcon.colcon_core.package_identification:_identify(src/ros2_hik_camera) by extension 'ros'
[0.151s] DEBUG:colcon.colcon_core.package_identification:Package 'src/ros2_hik_camera' with type 'ros.ament_cmake' and name 'hik_camera'
[0.152s] Level 1:colcon.colcon_core.package_identification:_identify(src/ros2_mindvision_camera) by extensions ['ignore', 'ignore_ament_install']
[0.152s] Level 1:colcon.colcon_core.package_identification:_identify(src/ros2_mindvision_camera) by extension 'ignore'
[0.152s] Level 1:colcon.colcon_core.package_identification:_identify(src/ros2_mindvision_camera) by extension 'ignore_ament_install'
[0.152s] Level 1:colcon.colcon_core.package_identification:_identify(src/ros2_mindvision_camera) by extensions ['colcon_pkg']
[0.152s] Level 1:colcon.colcon_core.package_identification:_identify(src/ros2_mindvision_camera) by extension 'colcon_pkg'
[0.152s] Level 1:colcon.colcon_core.package_identification:_identify(src/ros2_mindvision_camera) by extensions ['colcon_meta']
[0.152s] Level 1:colcon.colcon_core.package_identification:_identify(src/ros2_mindvision_camera) by extension 'colcon_meta'
[0.152s] Level 1:colcon.colcon_core.package_identification:_identify(src/ros2_mindvision_camera) by extensions ['ros']
[0.152s] Level 1:colcon.colcon_core.package_identification:_identify(src/ros2_mindvision_camera) by extension 'ros'
[0.152s] DEBUG:colcon.colcon_core.package_identification:Package 'src/ros2_mindvision_camera' with type 'ros.ament_cmake' and name 'mindvision_camera'
[0.152s] Level 1:colcon.colcon_core.package_discovery:discover_packages(recursive) using defaults
[0.152s] Level 1:colcon.colcon_core.package_discovery:discover_packages(ignore) discover
[0.152s] Level 1:colcon.colcon_core.package_discovery:discover_packages(ignore) using defaults
[0.152s] Level 1:colcon.colcon_core.package_discovery:discover_packages(path) discover
[0.152s] Level 1:colcon.colcon_core.package_discovery:discover_packages(path) using defaults
[0.165s] Level 1:colcon.colcon_core.package_discovery:discover_packages(prefix_path) check parameters
[0.165s] Level 1:colcon.colcon_core.package_discovery:discover_packages(prefix_path) discover
[0.167s] DEBUG:colcon.colcon_installed_package_information.package_discovery:Found 286 installed packages in /opt/ros/humble
[0.173s] Level 1:colcon.colcon_core.package_discovery:discover_packages(prefix_path) using defaults
[0.192s] Level 5:colcon.colcon_core.verb:set package 'auto_aim_interfaces' build argument 'cmake_args' from command line to 'None'
[0.192s] Level 5:colcon.colcon_core.verb:set package 'auto_aim_interfaces' build argument 'cmake_target' from command line to 'None'
[0.192s] Level 5:colcon.colcon_core.verb:set package 'auto_aim_interfaces' build argument 'cmake_target_skip_unavailable' from command line to 'False'
[0.192s] Level 5:colcon.colcon_core.verb:set package 'auto_aim_interfaces' build argument 'cmake_clean_cache' from command line to 'False'
[0.192s] Level 5:colcon.colcon_core.verb:set package 'auto_aim_interfaces' build argument 'cmake_clean_first' from command line to 'False'
[0.192s] Level 5:colcon.colcon_core.verb:set package 'auto_aim_interfaces' build argument 'cmake_force_configure' from command line to 'False'
[0.192s] Level 5:colcon.colcon_core.verb:set package 'auto_aim_interfaces' build argument 'ament_cmake_args' from command line to 'None'
[0.192s] Level 5:colcon.colcon_core.verb:set package 'auto_aim_interfaces' build argument 'catkin_cmake_args' from command line to 'None'
[0.192s] Level 5:colcon.colcon_core.verb:set package 'auto_aim_interfaces' build argument 'catkin_skip_building_tests' from command line to 'False'
[0.192s] DEBUG:colcon.colcon_core.verb:Building package 'auto_aim_interfaces' with the following arguments: {'ament_cmake_args': None, 'build_base': '/home/lan/rm_vision_ws/build/auto_aim_interfaces', 'catkin_cmake_args': None, 'catkin_skip_building_tests': False, 'cmake_args': None, 'cmake_clean_cache': False, 'cmake_clean_first': False, 'cmake_force_configure': False, 'cmake_target': None, 'cmake_target_skip_unavailable': False, 'install_base': '/home/lan/rm_vision_ws/install/auto_aim_interfaces', 'merge_install': False, 'path': '/home/lan/rm_vision_ws/src/rm_auto_aim/auto_aim_interfaces', 'symlink_install': True, 'test_result_base': None}
[0.192s] Level 5:colcon.colcon_core.verb:set package 'hik_camera' build argument 'cmake_args' from command line to 'None'
[0.192s] Level 5:colcon.colcon_core.verb:set package 'hik_camera' build argument 'cmake_target' from command line to 'None'
[0.192s] Level 5:colcon.colcon_core.verb:set package 'hik_camera' build argument 'cmake_target_skip_unavailable' from command line to 'False'
[0.192s] Level 5:colcon.colcon_core.verb:set package 'hik_camera' build argument 'cmake_clean_cache' from command line to 'False'
[0.192s] Level 5:colcon.colcon_core.verb:set package 'hik_camera' build argument 'cmake_clean_first' from command line to 'False'
[0.192s] Level 5:colcon.colcon_core.verb:set package 'hik_camera' build argument 'cmake_force_configure' from command line to 'False'
[0.192s] Level 5:colcon.colcon_core.verb:set package 'hik_camera' build argument 'ament_cmake_args' from command line to 'None'
[0.192s] Level 5:colcon.colcon_core.verb:set package 'hik_camera' build argument 'catkin_cmake_args' from command line to 'None'
[0.192s] Level 5:colcon.colcon_core.verb:set package 'hik_camera' build argument 'catkin_skip_building_tests' from command line to 'False'
[0.192s] DEBUG:colcon.colcon_core.verb:Building package 'hik_camera' with the following arguments: {'ament_cmake_args': None, 'build_base': '/home/lan/rm_vision_ws/build/hik_camera', 'catkin_cmake_args': None, 'catkin_skip_building_tests': False, 'cmake_args': None, 'cmake_clean_cache': False, 'cmake_clean_first': False, 'cmake_force_configure': False, 'cmake_target': None, 'cmake_target_skip_unavailable': False, 'install_base': '/home/lan/rm_vision_ws/install/hik_camera', 'merge_install': False, 'path': '/home/lan/rm_vision_ws/src/ros2_hik_camera', 'symlink_install': True, 'test_result_base': None}
[0.192s] Level 5:colcon.colcon_core.verb:set package 'mindvision_camera' build argument 'cmake_args' from command line to 'None'
[0.192s] Level 5:colcon.colcon_core.verb:set package 'mindvision_camera' build argument 'cmake_target' from command line to 'None'
[0.193s] Level 5:colcon.colcon_core.verb:set package 'mindvision_camera' build argument 'cmake_target_skip_unavailable' from command line to 'False'
[0.193s] Level 5:colcon.colcon_core.verb:set package 'mindvision_camera' build argument 'cmake_clean_cache' from command line to 'False'
[0.193s] Level 5:colcon.colcon_core.verb:set package 'mindvision_camera' build argument 'cmake_clean_first' from command line to 'False'
[0.193s] Level 5:colcon.colcon_core.verb:set package 'mindvision_camera' build argument 'cmake_force_configure' from command line to 'False'
[0.193s] Level 5:colcon.colcon_core.verb:set package 'mindvision_camera' build argument 'ament_cmake_args' from command line to 'None'
[0.193s] Level 5:colcon.colcon_core.verb:set package 'mindvision_camera' build argument 'catkin_cmake_args' from command line to 'None'
[0.193s] Level 5:colcon.colcon_core.verb:set package 'mindvision_camera' build argument 'catkin_skip_building_tests' from command line to 'False'
[0.193s] DEBUG:colcon.colcon_core.verb:Building package 'mindvision_camera' with the following arguments: {'ament_cmake_args': None, 'build_base': '/home/lan/rm_vision_ws/build/mindvision_camera', 'catkin_cmake_args': None, 'catkin_skip_building_tests': False, 'cmake_args': None, 'cmake_clean_cache': False, 'cmake_clean_first': False, 'cmake_force_configure': False, 'cmake_target': None, 'cmake_target_skip_unavailable': False, 'install_base': '/home/lan/rm_vision_ws/install/mindvision_camera', 'merge_install': False, 'path': '/home/lan/rm_vision_ws/src/ros2_mindvision_camera', 'symlink_install': True, 'test_result_base': None}
[0.193s] Level 5:colcon.colcon_core.verb:set package 'rm_gimbal_description' build argument 'cmake_args' from command line to 'None'
[0.193s] Level 5:colcon.colcon_core.verb:set package 'rm_gimbal_description' build argument 'cmake_target' from command line to 'None'
[0.193s] Level 5:colcon.colcon_core.verb:set package 'rm_gimbal_description' build argument 'cmake_target_skip_unavailable' from command line to 'False'
[0.193s] Level 5:colcon.colcon_core.verb:set package 'rm_gimbal_description' build argument 'cmake_clean_cache' from command line to 'False'
[0.193s] Level 5:colcon.colcon_core.verb:set package 'rm_gimbal_description' build argument 'cmake_clean_first' from command line to 'False'
[0.193s] Level 5:colcon.colcon_core.verb:set package 'rm_gimbal_description' build argument 'cmake_force_configure' from command line to 'False'
[0.193s] Level 5:colcon.colcon_core.verb:set package 'rm_gimbal_description' build argument 'ament_cmake_args' from command line to 'None'
[0.193s] Level 5:colcon.colcon_core.verb:set package 'rm_gimbal_description' build argument 'catkin_cmake_args' from command line to 'None'
[0.193s] Level 5:colcon.colcon_core.verb:set package 'rm_gimbal_description' build argument 'catkin_skip_building_tests' from command line to 'False'
[0.193s] DEBUG:colcon.colcon_core.verb:Building package 'rm_gimbal_description' with the following arguments: {'ament_cmake_args': None, 'build_base': '/home/lan/rm_vision_ws/build/rm_gimbal_description', 'catkin_cmake_args': None, 'catkin_skip_building_tests': False, 'cmake_args': None, 'cmake_clean_cache': False, 'cmake_clean_first': False, 'cmake_force_configure': False, 'cmake_target': None, 'cmake_target_skip_unavailable': False, 'install_base': '/home/lan/rm_vision_ws/install/rm_gimbal_description', 'merge_install': False, 'path': '/home/lan/rm_vision_ws/src/rm_gimbal_description', 'symlink_install': True, 'test_result_base': None}
[0.193s] Level 5:colcon.colcon_core.verb:set package 'armor_detector' build argument 'cmake_args' from command line to 'None'
[0.193s] Level 5:colcon.colcon_core.verb:set package 'armor_detector' build argument 'cmake_target' from command line to 'None'
[0.193s] Level 5:colcon.colcon_core.verb:set package 'armor_detector' build argument 'cmake_target_skip_unavailable' from command line to 'False'
[0.193s] Level 5:colcon.colcon_core.verb:set package 'armor_detector' build argument 'cmake_clean_cache' from command line to 'False'
[0.193s] Level 5:colcon.colcon_core.verb:set package 'armor_detector' build argument 'cmake_clean_first' from command line to 'False'
[0.193s] Level 5:colcon.colcon_core.verb:set package 'armor_detector' build argument 'cmake_force_configure' from command line to 'False'
[0.193s] Level 5:colcon.colcon_core.verb:set package 'armor_detector' build argument 'ament_cmake_args' from command line to 'None'
[0.193s] Level 5:colcon.colcon_core.verb:set package 'armor_detector' build argument 'catkin_cmake_args' from command line to 'None'
[0.193s] Level 5:colcon.colcon_core.verb:set package 'armor_detector' build argument 'catkin_skip_building_tests' from command line to 'False'
[0.193s] DEBUG:colcon.colcon_core.verb:Building package 'armor_detector' with the following arguments: {'ament_cmake_args': None, 'build_base': '/home/lan/rm_vision_ws/build/armor_detector', 'catkin_cmake_args': None, 'catkin_skip_building_tests': False, 'cmake_args': None, 'cmake_clean_cache': False, 'cmake_clean_first': False, 'cmake_force_configure': False, 'cmake_target': None, 'cmake_target_skip_unavailable': False, 'install_base': '/home/lan/rm_vision_ws/install/armor_detector', 'merge_install': False, 'path': '/home/lan/rm_vision_ws/src/rm_auto_aim/armor_detector', 'symlink_install': True, 'test_result_base': None}
[0.193s] Level 5:colcon.colcon_core.verb:set package 'armor_tracker' build argument 'cmake_args' from command line to 'None'
[0.193s] Level 5:colcon.colcon_core.verb:set package 'armor_tracker' build argument 'cmake_target' from command line to 'None'
[0.193s] Level 5:colcon.colcon_core.verb:set package 'armor_tracker' build argument 'cmake_target_skip_unavailable' from command line to 'False'
[0.193s] Level 5:colcon.colcon_core.verb:set package 'armor_tracker' build argument 'cmake_clean_cache' from command line to 'False'
[0.193s] Level 5:colcon.colcon_core.verb:set package 'armor_tracker' build argument 'cmake_clean_first' from command line to 'False'
[0.193s] Level 5:colcon.colcon_core.verb:set package 'armor_tracker' build argument 'cmake_force_configure' from command line to 'False'
[0.193s] Level 5:colcon.colcon_core.verb:set package 'armor_tracker' build argument 'ament_cmake_args' from command line to 'None'
[0.193s] Level 5:colcon.colcon_core.verb:set package 'armor_tracker' build argument 'catkin_cmake_args' from command line to 'None'
[0.193s] Level 5:colcon.colcon_core.verb:set package 'armor_tracker' build argument 'catkin_skip_building_tests' from command line to 'False'
[0.193s] DEBUG:colcon.colcon_core.verb:Building package 'armor_tracker' with the following arguments: {'ament_cmake_args': None, 'build_base': '/home/lan/rm_vision_ws/build/armor_tracker', 'catkin_cmake_args': None, 'catkin_skip_building_tests': False, 'cmake_args': None, 'cmake_clean_cache': False, 'cmake_clean_first': False, 'cmake_force_configure': False, 'cmake_target': None, 'cmake_target_skip_unavailable': False, 'install_base': '/home/lan/rm_vision_ws/install/armor_tracker', 'merge_install': False, 'path': '/home/lan/rm_vision_ws/src/rm_auto_aim/armor_tracker', 'symlink_install': True, 'test_result_base': None}
[0.193s] Level 5:colcon.colcon_core.verb:set package 'rm_serial_driver' build argument 'cmake_args' from command line to 'None'
[0.194s] Level 5:colcon.colcon_core.verb:set package 'rm_serial_driver' build argument 'cmake_target' from command line to 'None'
[0.194s] Level 5:colcon.colcon_core.verb:set package 'rm_serial_driver' build argument 'cmake_target_skip_unavailable' from command line to 'False'
[0.194s] Level 5:colcon.colcon_core.verb:set package 'rm_serial_driver' build argument 'cmake_clean_cache' from command line to 'False'
[0.194s] Level 5:colcon.colcon_core.verb:set package 'rm_serial_driver' build argument 'cmake_clean_first' from command line to 'False'
[0.194s] Level 5:colcon.colcon_core.verb:set package 'rm_serial_driver' build argument 'cmake_force_configure' from command line to 'False'
[0.194s] Level 5:colcon.colcon_core.verb:set package 'rm_serial_driver' build argument 'ament_cmake_args' from command line to 'None'
[0.194s] Level 5:colcon.colcon_core.verb:set package 'rm_serial_driver' build argument 'catkin_cmake_args' from command line to 'None'
[0.194s] Level 5:colcon.colcon_core.verb:set package 'rm_serial_driver' build argument 'catkin_skip_building_tests' from command line to 'False'
[0.194s] DEBUG:colcon.colcon_core.verb:Building package 'rm_serial_driver' with the following arguments: {'ament_cmake_args': None, 'build_base': '/home/lan/rm_vision_ws/build/rm_serial_driver', 'catkin_cmake_args': None, 'catkin_skip_building_tests': False, 'cmake_args': None, 'cmake_clean_cache': False, 'cmake_clean_first': False, 'cmake_force_configure': False, 'cmake_target': None, 'cmake_target_skip_unavailable': False, 'install_base': '/home/lan/rm_vision_ws/install/rm_serial_driver', 'merge_install': False, 'path': '/home/lan/rm_vision_ws/src/rm_serial_driver', 'symlink_install': True, 'test_result_base': None}
[0.194s] Level 5:colcon.colcon_core.verb:set package 'rm_auto_aim' build argument 'cmake_args' from command line to 'None'
[0.194s] Level 5:colcon.colcon_core.verb:set package 'rm_auto_aim' build argument 'cmake_target' from command line to 'None'
[0.194s] Level 5:colcon.colcon_core.verb:set package 'rm_auto_aim' build argument 'cmake_target_skip_unavailable' from command line to 'False'
[0.194s] Level 5:colcon.colcon_core.verb:set package 'rm_auto_aim' build argument 'cmake_clean_cache' from command line to 'False'
[0.194s] Level 5:colcon.colcon_core.verb:set package 'rm_auto_aim' build argument 'cmake_clean_first' from command line to 'False'
[0.194s] Level 5:colcon.colcon_core.verb:set package 'rm_auto_aim' build argument 'cmake_force_configure' from command line to 'False'
[0.194s] Level 5:colcon.colcon_core.verb:set package 'rm_auto_aim' build argument 'ament_cmake_args' from command line to 'None'
[0.194s] Level 5:colcon.colcon_core.verb:set package 'rm_auto_aim' build argument 'catkin_cmake_args' from command line to 'None'
[0.194s] Level 5:colcon.colcon_core.verb:set package 'rm_auto_aim' build argument 'catkin_skip_building_tests' from command line to 'False'
[0.194s] DEBUG:colcon.colcon_core.verb:Building package 'rm_auto_aim' with the following arguments: {'ament_cmake_args': None, 'build_base': '/home/lan/rm_vision_ws/build/rm_auto_aim', 'catkin_cmake_args': None, 'catkin_skip_building_tests': False, 'cmake_args': None, 'cmake_clean_cache': False, 'cmake_clean_first': False, 'cmake_force_configure': False, 'cmake_target': None, 'cmake_target_skip_unavailable': False, 'install_base': '/home/lan/rm_vision_ws/install/rm_auto_aim', 'merge_install': False, 'path': '/home/lan/rm_vision_ws/src/rm_auto_aim/rm_auto_aim', 'symlink_install': True, 'test_result_base': None}
[0.194s] Level 5:colcon.colcon_core.verb:set package 'rm_vision_bringup' build argument 'cmake_args' from command line to 'None'
[0.194s] Level 5:colcon.colcon_core.verb:set package 'rm_vision_bringup' build argument 'cmake_target' from command line to 'None'
[0.194s] Level 5:colcon.colcon_core.verb:set package 'rm_vision_bringup' build argument 'cmake_target_skip_unavailable' from command line to 'False'
[0.194s] Level 5:colcon.colcon_core.verb:set package 'rm_vision_bringup' build argument 'cmake_clean_cache' from command line to 'False'
[0.194s] Level 5:colcon.colcon_core.verb:set package 'rm_vision_bringup' build argument 'cmake_clean_first' from command line to 'False'
[0.194s] Level 5:colcon.colcon_core.verb:set package 'rm_vision_bringup' build argument 'cmake_force_configure' from command line to 'False'
[0.194s] Level 5:colcon.colcon_core.verb:set package 'rm_vision_bringup' build argument 'ament_cmake_args' from command line to 'None'
[0.194s] Level 5:colcon.colcon_core.verb:set package 'rm_vision_bringup' build argument 'catkin_cmake_args' from command line to 'None'
[0.194s] Level 5:colcon.colcon_core.verb:set package 'rm_vision_bringup' build argument 'catkin_skip_building_tests' from command line to 'False'
[0.194s] DEBUG:colcon.colcon_core.verb:Building package 'rm_vision_bringup' with the following arguments: {'ament_cmake_args': None, 'build_base': '/home/lan/rm_vision_ws/build/rm_vision_bringup', 'catkin_cmake_args': None, 'catkin_skip_building_tests': False, 'cmake_args': None, 'cmake_clean_cache': False, 'cmake_clean_first': False, 'cmake_force_configure': False, 'cmake_target': None, 'cmake_target_skip_unavailable': False, 'install_base': '/home/lan/rm_vision_ws/install/rm_vision_bringup', 'merge_install': False, 'path': '/home/lan/rm_vision_ws/src/rm_vision/rm_vision_bringup', 'symlink_install': True, 'test_result_base': None}
[0.194s] INFO:colcon.colcon_core.executor:Executing jobs using 'parallel' executor
[0.195s] DEBUG:colcon.colcon_parallel_executor.executor.parallel:run_until_complete
[0.195s] INFO:colcon.colcon_ros.task.ament_cmake.build:Building ROS package in '/home/lan/rm_vision_ws/src/rm_auto_aim/auto_aim_interfaces' with build type 'ament_cmake'
[0.195s] INFO:colcon.colcon_cmake.task.cmake.build:Building CMake package in '/home/lan/rm_vision_ws/src/rm_auto_aim/auto_aim_interfaces'
[0.196s] INFO:colcon.colcon_core.plugin_system:Skipping extension 'colcon_core.shell.bat': Not used on non-Windows systems
[0.196s] INFO:colcon.colcon_core.shell:Skip shell extension 'powershell' for command environment: Not usable outside of PowerShell
[0.196s] DEBUG:colcon.colcon_core.shell:Skip shell extension 'dsv' for command environment
[0.198s] INFO:colcon.colcon_ros.task.ament_cmake.build:Building ROS package in '/home/lan/rm_vision_ws/src/ros2_hik_camera' with build type 'ament_cmake'
[0.198s] INFO:colcon.colcon_cmake.task.cmake.build:Building CMake package in '/home/lan/rm_vision_ws/src/ros2_hik_camera'
[0.198s] INFO:colcon.colcon_core.shell:Skip shell extension 'powershell' for command environment: Not usable outside of PowerShell
[0.198s] DEBUG:colcon.colcon_core.shell:Skip shell extension 'dsv' for command environment
[0.199s] INFO:colcon.colcon_ros.task.ament_cmake.build:Building ROS package in '/home/lan/rm_vision_ws/src/ros2_mindvision_camera' with build type 'ament_cmake'
[0.199s] INFO:colcon.colcon_cmake.task.cmake.build:Building CMake package in '/home/lan/rm_vision_ws/src/ros2_mindvision_camera'
[0.199s] INFO:colcon.colcon_core.shell:Skip shell extension 'powershell' for command environment: Not usable outside of PowerShell
[0.199s] DEBUG:colcon.colcon_core.shell:Skip shell extension 'dsv' for command environment
[0.201s] INFO:colcon.colcon_ros.task.ament_cmake.build:Building ROS package in '/home/lan/rm_vision_ws/src/rm_gimbal_description' with build type 'ament_cmake'
[0.201s] INFO:colcon.colcon_cmake.task.cmake.build:Building CMake package in '/home/lan/rm_vision_ws/src/rm_gimbal_description'
[0.201s] INFO:colcon.colcon_core.shell:Skip shell extension 'powershell' for command environment: Not usable outside of PowerShell
[0.201s] DEBUG:colcon.colcon_core.shell:Skip shell extension 'dsv' for command environment
[0.204s] DEBUG:colcon.colcon_core.event_handler.log_command:Invoking command in '/home/lan/rm_vision_ws/build/auto_aim_interfaces': CMAKE_PREFIX_PATH=/opt/ros/humble /usr/bin/cmake /home/lan/rm_vision_ws/src/rm_auto_aim/auto_aim_interfaces -DAMENT_CMAKE_SYMLINK_INSTALL=1 -DCMAKE_INSTALL_PREFIX=/home/lan/rm_vision_ws/install/auto_aim_interfaces
[0.205s] DEBUG:colcon.colcon_core.event_handler.log_command:Invoking command in '/home/lan/rm_vision_ws/build/hik_camera': CMAKE_PREFIX_PATH=/opt/ros/humble /usr/bin/cmake /home/lan/rm_vision_ws/src/ros2_hik_camera -DAMENT_CMAKE_SYMLINK_INSTALL=1 -DCMAKE_INSTALL_PREFIX=/home/lan/rm_vision_ws/install/hik_camera
[0.206s] DEBUG:colcon.colcon_core.event_handler.log_command:Invoking command in '/home/lan/rm_vision_ws/build/mindvision_camera': CMAKE_PREFIX_PATH=/opt/ros/humble /usr/bin/cmake /home/lan/rm_vision_ws/src/ros2_mindvision_camera -DAMENT_CMAKE_SYMLINK_INSTALL=1 -DCMAKE_INSTALL_PREFIX=/home/lan/rm_vision_ws/install/mindvision_camera
[0.209s] DEBUG:colcon.colcon_core.event_handler.log_command:Invoking command in '/home/lan/rm_vision_ws/build/rm_gimbal_description': CMAKE_PREFIX_PATH=/opt/ros/humble /usr/bin/cmake /home/lan/rm_vision_ws/src/rm_gimbal_description -DAMENT_CMAKE_SYMLINK_INSTALL=1 -DCMAKE_INSTALL_PREFIX=/home/lan/rm_vision_ws/install/rm_gimbal_description
[0.560s] DEBUG:colcon.colcon_core.event_handler.log_command:Invoked command in '/home/lan/rm_vision_ws/build/rm_gimbal_description' returned '0': CMAKE_PREFIX_PATH=/opt/ros/humble /usr/bin/cmake /home/lan/rm_vision_ws/src/rm_gimbal_description -DAMENT_CMAKE_SYMLINK_INSTALL=1 -DCMAKE_INSTALL_PREFIX=/home/lan/rm_vision_ws/install/rm_gimbal_description
[0.560s] DEBUG:colcon.colcon_core.event_handler.log_command:Invoking command in '/home/lan/rm_vision_ws/build/rm_gimbal_description': CMAKE_PREFIX_PATH=/opt/ros/humble /usr/bin/cmake --build /home/lan/rm_vision_ws/build/rm_gimbal_description -- -j16 -l16
[0.583s] DEBUG:colcon.colcon_core.event_handler.log_command:Invoked command in '/home/lan/rm_vision_ws/build/rm_gimbal_description' returned '0': CMAKE_PREFIX_PATH=/opt/ros/humble /usr/bin/cmake --build /home/lan/rm_vision_ws/build/rm_gimbal_description -- -j16 -l16
[0.588s] DEBUG:colcon.colcon_core.event_handler.log_command:Invoking command in '/home/lan/rm_vision_ws/build/rm_gimbal_description': CMAKE_PREFIX_PATH=/opt/ros/humble /usr/bin/cmake --install /home/lan/rm_vision_ws/build/rm_gimbal_description
[0.676s] Level 1:colcon.colcon_core.environment:create_environment_scripts_only(rm_gimbal_description)
[0.677s] DEBUG:colcon.colcon_core.event_handler.log_command:Invoked command in '/home/lan/rm_vision_ws/build/rm_gimbal_description' returned '0': CMAKE_PREFIX_PATH=/opt/ros/humble /usr/bin/cmake --install /home/lan/rm_vision_ws/build/rm_gimbal_description
[0.678s] Level 1:colcon.colcon_core.environment:checking '/home/lan/rm_vision_ws/install/rm_gimbal_description' for CMake module files
[0.678s] Level 1:colcon.colcon_core.environment:checking '/home/lan/rm_vision_ws/install/rm_gimbal_description' for CMake config files
[0.678s] Level 1:colcon.colcon_core.shell:create_environment_hook('rm_gimbal_description', 'cmake_prefix_path')
[0.678s] INFO:colcon.colcon_core.shell:Creating environment hook '/home/lan/rm_vision_ws/install/rm_gimbal_description/share/rm_gimbal_description/hook/cmake_prefix_path.ps1'
[0.679s] INFO:colcon.colcon_core.shell:Creating environment descriptor '/home/lan/rm_vision_ws/install/rm_gimbal_description/share/rm_gimbal_description/hook/cmake_prefix_path.dsv'
[0.679s] INFO:colcon.colcon_core.shell:Creating environment hook '/home/lan/rm_vision_ws/install/rm_gimbal_description/share/rm_gimbal_description/hook/cmake_prefix_path.sh'
[0.679s] Level 1:colcon.colcon_core.environment:checking '/home/lan/rm_vision_ws/install/rm_gimbal_description/bin'
[0.679s] Level 1:colcon.colcon_core.environment:checking '/home/lan/rm_vision_ws/install/rm_gimbal_description/lib/pkgconfig/rm_gimbal_description.pc'
[0.679s] Level 1:colcon.colcon_core.environment:checking '/home/lan/rm_vision_ws/install/rm_gimbal_description/lib/python3.10/site-packages'
[0.679s] Level 1:colcon.colcon_core.environment:checking '/home/lan/rm_vision_ws/install/rm_gimbal_description/bin'
[0.680s] INFO:colcon.colcon_core.shell:Creating package script '/home/lan/rm_vision_ws/install/rm_gimbal_description/share/rm_gimbal_description/package.ps1'
[0.680s] INFO:colcon.colcon_core.shell:Creating package descriptor '/home/lan/rm_vision_ws/install/rm_gimbal_description/share/rm_gimbal_description/package.dsv'
[0.680s] INFO:colcon.colcon_core.shell:Creating package script '/home/lan/rm_vision_ws/install/rm_gimbal_description/share/rm_gimbal_description/package.sh'
[0.681s] INFO:colcon.colcon_core.shell:Creating package script '/home/lan/rm_vision_ws/install/rm_gimbal_description/share/rm_gimbal_description/package.bash'
[0.681s] INFO:colcon.colcon_core.shell:Creating package script '/home/lan/rm_vision_ws/install/rm_gimbal_description/share/rm_gimbal_description/package.zsh'
[0.681s] Level 1:colcon.colcon_core.environment:create_file_with_runtime_dependencies(/home/lan/rm_vision_ws/install/rm_gimbal_description/share/colcon-core/packages/rm_gimbal_description)
[0.681s] Level 1:colcon.colcon_core.environment:create_environment_scripts_only(rm_gimbal_description)
[0.682s] Level 1:colcon.colcon_core.environment:checking '/home/lan/rm_vision_ws/install/rm_gimbal_description' for CMake module files
[0.682s] Level 1:colcon.colcon_core.environment:checking '/home/lan/rm_vision_ws/install/rm_gimbal_description' for CMake config files
[0.682s] Level 1:colcon.colcon_core.shell:create_environment_hook('rm_gimbal_description', 'cmake_prefix_path')
[0.682s] INFO:colcon.colcon_core.shell:Creating environment hook '/home/lan/rm_vision_ws/install/rm_gimbal_description/share/rm_gimbal_description/hook/cmake_prefix_path.ps1'
[0.682s] INFO:colcon.colcon_core.shell:Creating environment descriptor '/home/lan/rm_vision_ws/install/rm_gimbal_description/share/rm_gimbal_description/hook/cmake_prefix_path.dsv'
[0.682s] INFO:colcon.colcon_core.shell:Creating environment hook '/home/lan/rm_vision_ws/install/rm_gimbal_description/share/rm_gimbal_description/hook/cmake_prefix_path.sh'
[0.683s] Level 1:colcon.colcon_core.environment:checking '/home/lan/rm_vision_ws/install/rm_gimbal_description/bin'
[0.683s] Level 1:colcon.colcon_core.environment:checking '/home/lan/rm_vision_ws/install/rm_gimbal_description/lib/pkgconfig/rm_gimbal_description.pc'
[0.683s] Level 1:colcon.colcon_core.environment:checking '/home/lan/rm_vision_ws/install/rm_gimbal_description/lib/python3.10/site-packages'
[0.683s] Level 1:colcon.colcon_core.environment:checking '/home/lan/rm_vision_ws/install/rm_gimbal_description/bin'
[0.683s] INFO:colcon.colcon_core.shell:Creating package script '/home/lan/rm_vision_ws/install/rm_gimbal_description/share/rm_gimbal_description/package.ps1'
[0.683s] INFO:colcon.colcon_core.shell:Creating package descriptor '/home/lan/rm_vision_ws/install/rm_gimbal_description/share/rm_gimbal_description/package.dsv'
[0.683s] INFO:colcon.colcon_core.shell:Creating package script '/home/lan/rm_vision_ws/install/rm_gimbal_description/share/rm_gimbal_description/package.sh'
[0.684s] INFO:colcon.colcon_core.shell:Creating package script '/home/lan/rm_vision_ws/install/rm_gimbal_description/share/rm_gimbal_description/package.bash'
[0.684s] INFO:colcon.colcon_core.shell:Creating package script '/home/lan/rm_vision_ws/install/rm_gimbal_description/share/rm_gimbal_description/package.zsh'
[0.684s] Level 1:colcon.colcon_core.environment:create_file_with_runtime_dependencies(/home/lan/rm_vision_ws/install/rm_gimbal_description/share/colcon-core/packages/rm_gimbal_description)
[0.891s] DEBUG:colcon.colcon_core.event_handler.log_command:Invoked command in '/home/lan/rm_vision_ws/build/hik_camera' returned '0': CMAKE_PREFIX_PATH=/opt/ros/humble /usr/bin/cmake /home/lan/rm_vision_ws/src/ros2_hik_camera -DAMENT_CMAKE_SYMLINK_INSTALL=1 -DCMAKE_INSTALL_PREFIX=/home/lan/rm_vision_ws/install/hik_camera
[0.892s] DEBUG:colcon.colcon_core.event_handler.log_command:Invoking command in '/home/lan/rm_vision_ws/build/hik_camera': CMAKE_PREFIX_PATH=/opt/ros/humble /usr/bin/cmake --build /home/lan/rm_vision_ws/build/hik_camera -- -j16 -l16
[0.893s] DEBUG:colcon.colcon_core.event_handler.log_command:Invoked command in '/home/lan/rm_vision_ws/build/mindvision_camera' returned '0': CMAKE_PREFIX_PATH=/opt/ros/humble /usr/bin/cmake /home/lan/rm_vision_ws/src/ros2_mindvision_camera -DAMENT_CMAKE_SYMLINK_INSTALL=1 -DCMAKE_INSTALL_PREFIX=/home/lan/rm_vision_ws/install/mindvision_camera
[0.894s] DEBUG:colcon.colcon_core.event_handler.log_command:Invoking command in '/home/lan/rm_vision_ws/build/mindvision_camera': CMAKE_PREFIX_PATH=/opt/ros/humble /usr/bin/cmake --build /home/lan/rm_vision_ws/build/mindvision_camera -- -j16 -l16
[1.204s] DEBUG:colcon.colcon_core.event_handler.log_command:Invoked command in '/home/lan/rm_vision_ws/build/auto_aim_interfaces' returned '0': CMAKE_PREFIX_PATH=/opt/ros/humble /usr/bin/cmake /home/lan/rm_vision_ws/src/rm_auto_aim/auto_aim_interfaces -DAMENT_CMAKE_SYMLINK_INSTALL=1 -DCMAKE_INSTALL_PREFIX=/home/lan/rm_vision_ws/install/auto_aim_interfaces
[1.205s] DEBUG:colcon.colcon_core.event_handler.log_command:Invoking command in '/home/lan/rm_vision_ws/build/auto_aim_interfaces': CMAKE_PREFIX_PATH=/opt/ros/humble /usr/bin/cmake --build /home/lan/rm_vision_ws/build/auto_aim_interfaces -- -j16 -l16
[3.460s] DEBUG:colcon.colcon_core.event_handler.log_command:Invoked command in '/home/lan/rm_vision_ws/build/hik_camera' returned '0': CMAKE_PREFIX_PATH=/opt/ros/humble /usr/bin/cmake --build /home/lan/rm_vision_ws/build/hik_camera -- -j16 -l16
[3.461s] DEBUG:colcon.colcon_core.event_handler.log_command:Invoking command in '/home/lan/rm_vision_ws/build/hik_camera': CMAKE_PREFIX_PATH=/opt/ros/humble /usr/bin/cmake --install /home/lan/rm_vision_ws/build/hik_camera
[3.604s] DEBUG:colcon.colcon_core.event_handler.log_command:Invoked command in '/home/lan/rm_vision_ws/build/mindvision_camera' returned '0': CMAKE_PREFIX_PATH=/opt/ros/humble /usr/bin/cmake --build /home/lan/rm_vision_ws/build/mindvision_camera -- -j16 -l16
[3.605s] DEBUG:colcon.colcon_core.event_handler.log_command:Invoking command in '/home/lan/rm_vision_ws/build/mindvision_camera': CMAKE_PREFIX_PATH=/opt/ros/humble /usr/bin/cmake --install /home/lan/rm_vision_ws/build/mindvision_camera
[3.620s] Level 1:colcon.colcon_core.environment:create_environment_scripts_only(hik_camera)
[3.620s] Level 1:colcon.colcon_core.environment:checking '/home/lan/rm_vision_ws/install/hik_camera' for CMake module files
[3.621s] DEBUG:colcon.colcon_core.event_handler.log_command:Invoked command in '/home/lan/rm_vision_ws/build/hik_camera' returned '0': CMAKE_PREFIX_PATH=/opt/ros/humble /usr/bin/cmake --install /home/lan/rm_vision_ws/build/hik_camera
[3.621s] Level 1:colcon.colcon_core.environment:checking '/home/lan/rm_vision_ws/install/hik_camera' for CMake config files
[3.621s] Level 1:colcon.colcon_core.shell:create_environment_hook('hik_camera', 'cmake_prefix_path')
[3.621s] INFO:colcon.colcon_core.shell:Creating environment hook '/home/lan/rm_vision_ws/install/hik_camera/share/hik_camera/hook/cmake_prefix_path.ps1'
[3.622s] INFO:colcon.colcon_core.shell:Creating environment descriptor '/home/lan/rm_vision_ws/install/hik_camera/share/hik_camera/hook/cmake_prefix_path.dsv'
[3.622s] INFO:colcon.colcon_core.shell:Creating environment hook '/home/lan/rm_vision_ws/install/hik_camera/share/hik_camera/hook/cmake_prefix_path.sh'
[3.622s] Level 1:colcon.colcon_core.environment:checking '/home/lan/rm_vision_ws/install/hik_camera/lib'
[3.622s] Level 1:colcon.colcon_core.shell:create_environment_hook('hik_camera', 'ld_library_path_lib')
[3.622s] INFO:colcon.colcon_core.shell:Creating environment hook '/home/lan/rm_vision_ws/install/hik_camera/share/hik_camera/hook/ld_library_path_lib.ps1'
[3.622s] INFO:colcon.colcon_core.shell:Creating environment descriptor '/home/lan/rm_vision_ws/install/hik_camera/share/hik_camera/hook/ld_library_path_lib.dsv'
[3.622s] INFO:colcon.colcon_core.shell:Creating environment hook '/home/lan/rm_vision_ws/install/hik_camera/share/hik_camera/hook/ld_library_path_lib.sh'
[3.623s] Level 1:colcon.colcon_core.environment:checking '/home/lan/rm_vision_ws/install/hik_camera/bin'
[3.623s] Level 1:colcon.colcon_core.environment:checking '/home/lan/rm_vision_ws/install/hik_camera/lib/pkgconfig/hik_camera.pc'
[3.623s] Level 1:colcon.colcon_core.environment:checking '/home/lan/rm_vision_ws/install/hik_camera/lib/python3.10/site-packages'
[3.623s] Level 1:colcon.colcon_core.environment:checking '/home/lan/rm_vision_ws/install/hik_camera/bin'
[3.623s] INFO:colcon.colcon_core.shell:Creating package script '/home/lan/rm_vision_ws/install/hik_camera/share/hik_camera/package.ps1'
[3.623s] INFO:colcon.colcon_core.shell:Creating package descriptor '/home/lan/rm_vision_ws/install/hik_camera/share/hik_camera/package.dsv'
[3.624s] INFO:colcon.colcon_core.shell:Creating package script '/home/lan/rm_vision_ws/install/hik_camera/share/hik_camera/package.sh'
[3.624s] INFO:colcon.colcon_core.shell:Creating package script '/home/lan/rm_vision_ws/install/hik_camera/share/hik_camera/package.bash'
[3.624s] INFO:colcon.colcon_core.shell:Creating package script '/home/lan/rm_vision_ws/install/hik_camera/share/hik_camera/package.zsh'
[3.624s] Level 1:colcon.colcon_core.environment:create_file_with_runtime_dependencies(/home/lan/rm_vision_ws/install/hik_camera/share/colcon-core/packages/hik_camera)
[3.624s] Level 1:colcon.colcon_core.environment:create_environment_scripts_only(hik_camera)
[3.625s] Level 1:colcon.colcon_core.environment:checking '/home/lan/rm_vision_ws/install/hik_camera' for CMake module files
[3.625s] Level 1:colcon.colcon_core.environment:checking '/home/lan/rm_vision_ws/install/hik_camera' for CMake config files
[3.625s] Level 1:colcon.colcon_core.shell:create_environment_hook('hik_camera', 'cmake_prefix_path')
[3.625s] INFO:colcon.colcon_core.shell:Creating environment hook '/home/lan/rm_vision_ws/install/hik_camera/share/hik_camera/hook/cmake_prefix_path.ps1'
[3.625s] INFO:colcon.colcon_core.shell:Creating environment descriptor '/home/lan/rm_vision_ws/install/hik_camera/share/hik_camera/hook/cmake_prefix_path.dsv'
[3.625s] INFO:colcon.colcon_core.shell:Creating environment hook '/home/lan/rm_vision_ws/install/hik_camera/share/hik_camera/hook/cmake_prefix_path.sh'
[3.626s] Level 1:colcon.colcon_core.environment:checking '/home/lan/rm_vision_ws/install/hik_camera/lib'
[3.626s] Level 1:colcon.colcon_core.shell:create_environment_hook('hik_camera', 'ld_library_path_lib')
[3.626s] INFO:colcon.colcon_core.shell:Creating environment hook '/home/lan/rm_vision_ws/install/hik_camera/share/hik_camera/hook/ld_library_path_lib.ps1'
[3.626s] INFO:colcon.colcon_core.shell:Creating environment descriptor '/home/lan/rm_vision_ws/install/hik_camera/share/hik_camera/hook/ld_library_path_lib.dsv'
[3.626s] INFO:colcon.colcon_core.shell:Creating environment hook '/home/lan/rm_vision_ws/install/hik_camera/share/hik_camera/hook/ld_library_path_lib.sh'
[3.626s] Level 1:colcon.colcon_core.environment:checking '/home/lan/rm_vision_ws/install/hik_camera/bin'
[3.626s] Level 1:colcon.colcon_core.environment:checking '/home/lan/rm_vision_ws/install/hik_camera/lib/pkgconfig/hik_camera.pc'
[3.626s] Level 1:colcon.colcon_core.environment:checking '/home/lan/rm_vision_ws/install/hik_camera/lib/python3.10/site-packages'
[3.627s] Level 1:colcon.colcon_core.environment:checking '/home/lan/rm_vision_ws/install/hik_camera/bin'
[3.627s] INFO:colcon.colcon_core.shell:Creating package script '/home/lan/rm_vision_ws/install/hik_camera/share/hik_camera/package.ps1'
[3.627s] INFO:colcon.colcon_core.shell:Creating package descriptor '/home/lan/rm_vision_ws/install/hik_camera/share/hik_camera/package.dsv'
[3.627s] INFO:colcon.colcon_core.shell:Creating package script '/home/lan/rm_vision_ws/install/hik_camera/share/hik_camera/package.sh'
[3.628s] INFO:colcon.colcon_core.shell:Creating package script '/home/lan/rm_vision_ws/install/hik_camera/share/hik_camera/package.bash'
[3.628s] INFO:colcon.colcon_core.shell:Creating package script '/home/lan/rm_vision_ws/install/hik_camera/share/hik_camera/package.zsh'
[3.628s] Level 1:colcon.colcon_core.environment:create_file_with_runtime_dependencies(/home/lan/rm_vision_ws/install/hik_camera/share/colcon-core/packages/hik_camera)
[3.712s] DEBUG:colcon.colcon_core.event_handler.log_command:Invoked command in '/home/lan/rm_vision_ws/build/auto_aim_interfaces' returned '0': CMAKE_PREFIX_PATH=/opt/ros/humble /usr/bin/cmake --build /home/lan/rm_vision_ws/build/auto_aim_interfaces -- -j16 -l16
[3.713s] DEBUG:colcon.colcon_core.event_handler.log_command:Invoking command in '/home/lan/rm_vision_ws/build/auto_aim_interfaces': CMAKE_PREFIX_PATH=/opt/ros/humble /usr/bin/cmake --install /home/lan/rm_vision_ws/build/auto_aim_interfaces
[3.734s] Level 1:colcon.colcon_core.environment:create_environment_scripts_only(mindvision_camera)
[3.734s] Level 1:colcon.colcon_core.environment:checking '/home/lan/rm_vision_ws/install/mindvision_camera' for CMake module files
[3.735s] DEBUG:colcon.colcon_core.event_handler.log_command:Invoked command in '/home/lan/rm_vision_ws/build/mindvision_camera' returned '0': CMAKE_PREFIX_PATH=/opt/ros/humble /usr/bin/cmake --install /home/lan/rm_vision_ws/build/mindvision_camera
[3.735s] Level 1:colcon.colcon_core.environment:checking '/home/lan/rm_vision_ws/install/mindvision_camera' for CMake config files
[3.735s] Level 1:colcon.colcon_core.shell:create_environment_hook('mindvision_camera', 'cmake_prefix_path')
[3.735s] INFO:colcon.colcon_core.shell:Creating environment hook '/home/lan/rm_vision_ws/install/mindvision_camera/share/mindvision_camera/hook/cmake_prefix_path.ps1'
[3.735s] INFO:colcon.colcon_core.shell:Creating environment descriptor '/home/lan/rm_vision_ws/install/mindvision_camera/share/mindvision_camera/hook/cmake_prefix_path.dsv'
[3.736s] INFO:colcon.colcon_core.shell:Creating environment hook '/home/lan/rm_vision_ws/install/mindvision_camera/share/mindvision_camera/hook/cmake_prefix_path.sh'
[3.736s] Level 1:colcon.colcon_core.environment:checking '/home/lan/rm_vision_ws/install/mindvision_camera/lib'
[3.736s] Level 1:colcon.colcon_core.shell:create_environment_hook('mindvision_camera', 'ld_library_path_lib')
[3.736s] INFO:colcon.colcon_core.shell:Creating environment hook '/home/lan/rm_vision_ws/install/mindvision_camera/share/mindvision_camera/hook/ld_library_path_lib.ps1'
[3.736s] INFO:colcon.colcon_core.shell:Creating environment descriptor '/home/lan/rm_vision_ws/install/mindvision_camera/share/mindvision_camera/hook/ld_library_path_lib.dsv'
[3.737s] INFO:colcon.colcon_core.shell:Creating environment hook '/home/lan/rm_vision_ws/install/mindvision_camera/share/mindvision_camera/hook/ld_library_path_lib.sh'
[3.737s] Level 1:colcon.colcon_core.environment:checking '/home/lan/rm_vision_ws/install/mindvision_camera/bin'
[3.737s] Level 1:colcon.colcon_core.environment:checking '/home/lan/rm_vision_ws/install/mindvision_camera/lib/pkgconfig/mindvision_camera.pc'
[3.737s] Level 1:colcon.colcon_core.environment:checking '/home/lan/rm_vision_ws/install/mindvision_camera/lib/python3.10/site-packages'
[3.737s] Level 1:colcon.colcon_core.environment:checking '/home/lan/rm_vision_ws/install/mindvision_camera/bin'
[3.737s] INFO:colcon.colcon_core.shell:Creating package script '/home/lan/rm_vision_ws/install/mindvision_camera/share/mindvision_camera/package.ps1'
[3.738s] INFO:colcon.colcon_core.shell:Creating package descriptor '/home/lan/rm_vision_ws/install/mindvision_camera/share/mindvision_camera/package.dsv'
[3.738s] INFO:colcon.colcon_core.shell:Creating package script '/home/lan/rm_vision_ws/install/mindvision_camera/share/mindvision_camera/package.sh'
[3.738s] INFO:colcon.colcon_core.shell:Creating package script '/home/lan/rm_vision_ws/install/mindvision_camera/share/mindvision_camera/package.bash'
[3.738s] INFO:colcon.colcon_core.shell:Creating package script '/home/lan/rm_vision_ws/install/mindvision_camera/share/mindvision_camera/package.zsh'
[3.738s] Level 1:colcon.colcon_core.environment:create_file_with_runtime_dependencies(/home/lan/rm_vision_ws/install/mindvision_camera/share/colcon-core/packages/mindvision_camera)
[3.738s] Level 1:colcon.colcon_core.environment:create_environment_scripts_only(mindvision_camera)
[3.739s] Level 1:colcon.colcon_core.environment:checking '/home/lan/rm_vision_ws/install/mindvision_camera' for CMake module files
[3.739s] Level 1:colcon.colcon_core.environment:checking '/home/lan/rm_vision_ws/install/mindvision_camera' for CMake config files
[3.739s] Level 1:colcon.colcon_core.shell:create_environment_hook('mindvision_camera', 'cmake_prefix_path')
[3.739s] INFO:colcon.colcon_core.shell:Creating environment hook '/home/lan/rm_vision_ws/install/mindvision_camera/share/mindvision_camera/hook/cmake_prefix_path.ps1'
[3.739s] INFO:colcon.colcon_core.shell:Creating environment descriptor '/home/lan/rm_vision_ws/install/mindvision_camera/share/mindvision_camera/hook/cmake_prefix_path.dsv'
[3.739s] INFO:colcon.colcon_core.shell:Creating environment hook '/home/lan/rm_vision_ws/install/mindvision_camera/share/mindvision_camera/hook/cmake_prefix_path.sh'
[3.740s] Level 1:colcon.colcon_core.environment:checking '/home/lan/rm_vision_ws/install/mindvision_camera/lib'
[3.740s] Level 1:colcon.colcon_core.shell:create_environment_hook('mindvision_camera', 'ld_library_path_lib')
[3.740s] INFO:colcon.colcon_core.shell:Creating environment hook '/home/lan/rm_vision_ws/install/mindvision_camera/share/mindvision_camera/hook/ld_library_path_lib.ps1'
[3.740s] INFO:colcon.colcon_core.shell:Creating environment descriptor '/home/lan/rm_vision_ws/install/mindvision_camera/share/mindvision_camera/hook/ld_library_path_lib.dsv'
[3.740s] INFO:colcon.colcon_core.shell:Creating environment hook '/home/lan/rm_vision_ws/install/mindvision_camera/share/mindvision_camera/hook/ld_library_path_lib.sh'
[3.740s] Level 1:colcon.colcon_core.environment:checking '/home/lan/rm_vision_ws/install/mindvision_camera/bin'
[3.740s] Level 1:colcon.colcon_core.environment:checking '/home/lan/rm_vision_ws/install/mindvision_camera/lib/pkgconfig/mindvision_camera.pc'
[3.740s] Level 1:colcon.colcon_core.environment:checking '/home/lan/rm_vision_ws/install/mindvision_camera/lib/python3.10/site-packages'
[3.740s] Level 1:colcon.colcon_core.environment:checking '/home/lan/rm_vision_ws/install/mindvision_camera/bin'
[3.741s] INFO:colcon.colcon_core.shell:Creating package script '/home/lan/rm_vision_ws/install/mindvision_camera/share/mindvision_camera/package.ps1'
[3.741s] INFO:colcon.colcon_core.shell:Creating package descriptor '/home/lan/rm_vision_ws/install/mindvision_camera/share/mindvision_camera/package.dsv'
[3.741s] INFO:colcon.colcon_core.shell:Creating package script '/home/lan/rm_vision_ws/install/mindvision_camera/share/mindvision_camera/package.sh'
[3.741s] INFO:colcon.colcon_core.shell:Creating package script '/home/lan/rm_vision_ws/install/mindvision_camera/share/mindvision_camera/package.bash'
[3.741s] INFO:colcon.colcon_core.shell:Creating package script '/home/lan/rm_vision_ws/install/mindvision_camera/share/mindvision_camera/package.zsh'
[3.742s] Level 1:colcon.colcon_core.environment:create_file_with_runtime_dependencies(/home/lan/rm_vision_ws/install/mindvision_camera/share/colcon-core/packages/mindvision_camera)
[4.651s] Level 1:colcon.colcon_core.environment:create_environment_scripts_only(auto_aim_interfaces)
[4.651s] Level 1:colcon.colcon_core.environment:checking '/home/lan/rm_vision_ws/install/auto_aim_interfaces' for CMake module files
[4.651s] DEBUG:colcon.colcon_core.event_handler.log_command:Invoked command in '/home/lan/rm_vision_ws/build/auto_aim_interfaces' returned '0': CMAKE_PREFIX_PATH=/opt/ros/humble /usr/bin/cmake --install /home/lan/rm_vision_ws/build/auto_aim_interfaces
[4.652s] Level 1:colcon.colcon_core.environment:checking '/home/lan/rm_vision_ws/install/auto_aim_interfaces' for CMake config files
[4.652s] Level 1:colcon.colcon_core.shell:create_environment_hook('auto_aim_interfaces', 'cmake_prefix_path')
[4.652s] INFO:colcon.colcon_core.shell:Creating environment hook '/home/lan/rm_vision_ws/install/auto_aim_interfaces/share/auto_aim_interfaces/hook/cmake_prefix_path.ps1'
[4.652s] INFO:colcon.colcon_core.shell:Creating environment descriptor '/home/lan/rm_vision_ws/install/auto_aim_interfaces/share/auto_aim_interfaces/hook/cmake_prefix_path.dsv'
[4.652s] INFO:colcon.colcon_core.shell:Creating environment hook '/home/lan/rm_vision_ws/install/auto_aim_interfaces/share/auto_aim_interfaces/hook/cmake_prefix_path.sh'
[4.653s] Level 1:colcon.colcon_core.environment:checking '/home/lan/rm_vision_ws/install/auto_aim_interfaces/lib'
[4.653s] Level 1:colcon.colcon_core.shell:create_environment_hook('auto_aim_interfaces', 'ld_library_path_lib')
[4.653s] INFO:colcon.colcon_core.shell:Creating environment hook '/home/lan/rm_vision_ws/install/auto_aim_interfaces/share/auto_aim_interfaces/hook/ld_library_path_lib.ps1'
[4.653s] INFO:colcon.colcon_core.shell:Creating environment descriptor '/home/lan/rm_vision_ws/install/auto_aim_interfaces/share/auto_aim_interfaces/hook/ld_library_path_lib.dsv'
[4.653s] INFO:colcon.colcon_core.shell:Creating environment hook '/home/lan/rm_vision_ws/install/auto_aim_interfaces/share/auto_aim_interfaces/hook/ld_library_path_lib.sh'
[4.653s] Level 1:colcon.colcon_core.environment:checking '/home/lan/rm_vision_ws/install/auto_aim_interfaces/bin'
[4.653s] Level 1:colcon.colcon_core.environment:checking '/home/lan/rm_vision_ws/install/auto_aim_interfaces/lib/pkgconfig/auto_aim_interfaces.pc'
[4.653s] Level 1:colcon.colcon_core.environment:checking '/home/lan/rm_vision_ws/install/auto_aim_interfaces/lib/python3.10/site-packages'
[4.653s] Level 1:colcon.colcon_core.environment:checking '/home/lan/rm_vision_ws/install/auto_aim_interfaces/bin'
[4.654s] INFO:colcon.colcon_core.shell:Creating package script '/home/lan/rm_vision_ws/install/auto_aim_interfaces/share/auto_aim_interfaces/package.ps1'
[4.654s] INFO:colcon.colcon_core.shell:Creating package descriptor '/home/lan/rm_vision_ws/install/auto_aim_interfaces/share/auto_aim_interfaces/package.dsv'
[4.654s] INFO:colcon.colcon_core.shell:Creating package script '/home/lan/rm_vision_ws/install/auto_aim_interfaces/share/auto_aim_interfaces/package.sh'
[4.654s] INFO:colcon.colcon_core.shell:Creating package script '/home/lan/rm_vision_ws/install/auto_aim_interfaces/share/auto_aim_interfaces/package.bash'
[4.654s] INFO:colcon.colcon_core.shell:Creating package script '/home/lan/rm_vision_ws/install/auto_aim_interfaces/share/auto_aim_interfaces/package.zsh'
[4.655s] Level 1:colcon.colcon_core.environment:create_file_with_runtime_dependencies(/home/lan/rm_vision_ws/install/auto_aim_interfaces/share/colcon-core/packages/auto_aim_interfaces)
[4.655s] Level 1:colcon.colcon_core.environment:create_environment_scripts_only(auto_aim_interfaces)
[4.655s] Level 1:colcon.colcon_core.environment:checking '/home/lan/rm_vision_ws/install/auto_aim_interfaces' for CMake module files
[4.655s] Level 1:colcon.colcon_core.environment:checking '/home/lan/rm_vision_ws/install/auto_aim_interfaces' for CMake config files
[4.655s] Level 1:colcon.colcon_core.shell:create_environment_hook('auto_aim_interfaces', 'cmake_prefix_path')
[4.655s] INFO:colcon.colcon_core.shell:Creating environment hook '/home/lan/rm_vision_ws/install/auto_aim_interfaces/share/auto_aim_interfaces/hook/cmake_prefix_path.ps1'
[4.656s] INFO:colcon.colcon_core.shell:Creating environment descriptor '/home/lan/rm_vision_ws/install/auto_aim_interfaces/share/auto_aim_interfaces/hook/cmake_prefix_path.dsv'
[4.656s] INFO:colcon.colcon_core.shell:Creating environment hook '/home/lan/rm_vision_ws/install/auto_aim_interfaces/share/auto_aim_interfaces/hook/cmake_prefix_path.sh'
[4.656s] Level 1:colcon.colcon_core.environment:checking '/home/lan/rm_vision_ws/install/auto_aim_interfaces/lib'
[4.656s] Level 1:colcon.colcon_core.shell:create_environment_hook('auto_aim_interfaces', 'ld_library_path_lib')
[4.656s] INFO:colcon.colcon_core.shell:Creating environment hook '/home/lan/rm_vision_ws/install/auto_aim_interfaces/share/auto_aim_interfaces/hook/ld_library_path_lib.ps1'
[4.656s] INFO:colcon.colcon_core.shell:Creating environment descriptor '/home/lan/rm_vision_ws/install/auto_aim_interfaces/share/auto_aim_interfaces/hook/ld_library_path_lib.dsv'
[4.656s] INFO:colcon.colcon_core.shell:Creating environment hook '/home/lan/rm_vision_ws/install/auto_aim_interfaces/share/auto_aim_interfaces/hook/ld_library_path_lib.sh'
[4.657s] Level 1:colcon.colcon_core.environment:checking '/home/lan/rm_vision_ws/install/auto_aim_interfaces/bin'
[4.657s] Level 1:colcon.colcon_core.environment:checking '/home/lan/rm_vision_ws/install/auto_aim_interfaces/lib/pkgconfig/auto_aim_interfaces.pc'
[4.657s] Level 1:colcon.colcon_core.environment:checking '/home/lan/rm_vision_ws/install/auto_aim_interfaces/lib/python3.10/site-packages'
[4.657s] Level 1:colcon.colcon_core.environment:checking '/home/lan/rm_vision_ws/install/auto_aim_interfaces/bin'
[4.657s] INFO:colcon.colcon_core.shell:Creating package script '/home/lan/rm_vision_ws/install/auto_aim_interfaces/share/auto_aim_interfaces/package.ps1'
[4.657s] INFO:colcon.colcon_core.shell:Creating package descriptor '/home/lan/rm_vision_ws/install/auto_aim_interfaces/share/auto_aim_interfaces/package.dsv'
[4.658s] INFO:colcon.colcon_core.shell:Creating package script '/home/lan/rm_vision_ws/install/auto_aim_interfaces/share/auto_aim_interfaces/package.sh'
[4.658s] INFO:colcon.colcon_core.shell:Creating package script '/home/lan/rm_vision_ws/install/auto_aim_interfaces/share/auto_aim_interfaces/package.bash'
[4.658s] INFO:colcon.colcon_core.shell:Creating package script '/home/lan/rm_vision_ws/install/auto_aim_interfaces/share/auto_aim_interfaces/package.zsh'
[4.658s] Level 1:colcon.colcon_core.environment:create_file_with_runtime_dependencies(/home/lan/rm_vision_ws/install/auto_aim_interfaces/share/colcon-core/packages/auto_aim_interfaces)
[4.658s] INFO:colcon.colcon_ros.task.ament_cmake.build:Building ROS package in '/home/lan/rm_vision_ws/src/rm_auto_aim/armor_detector' with build type 'ament_cmake'
[4.658s] INFO:colcon.colcon_cmake.task.cmake.build:Building CMake package in '/home/lan/rm_vision_ws/src/rm_auto_aim/armor_detector'
[4.658s] INFO:colcon.colcon_core.shell:Skip shell extension 'powershell' for command environment: Not usable outside of PowerShell
[4.658s] DEBUG:colcon.colcon_core.shell:Skip shell extension 'dsv' for command environment
[4.660s] INFO:colcon.colcon_ros.task.ament_cmake.build:Building ROS package in '/home/lan/rm_vision_ws/src/rm_auto_aim/armor_tracker' with build type 'ament_cmake'
[4.660s] INFO:colcon.colcon_cmake.task.cmake.build:Building CMake package in '/home/lan/rm_vision_ws/src/rm_auto_aim/armor_tracker'
[4.660s] INFO:colcon.colcon_core.shell:Skip shell extension 'powershell' for command environment: Not usable outside of PowerShell
[4.660s] DEBUG:colcon.colcon_core.shell:Skip shell extension 'dsv' for command environment
[4.661s] INFO:colcon.colcon_ros.task.ament_cmake.build:Building ROS package in '/home/lan/rm_vision_ws/src/rm_serial_driver' with build type 'ament_cmake'
[4.661s] INFO:colcon.colcon_cmake.task.cmake.build:Building CMake package in '/home/lan/rm_vision_ws/src/rm_serial_driver'
[4.661s] INFO:colcon.colcon_core.shell:Skip shell extension 'powershell' for command environment: Not usable outside of PowerShell
[4.661s] DEBUG:colcon.colcon_core.shell:Skip shell extension 'dsv' for command environment
[4.664s] DEBUG:colcon.colcon_core.event_handler.log_command:Invoking command in '/home/lan/rm_vision_ws/build/armor_detector': AMENT_PREFIX_PATH=/home/lan/rm_vision_ws/install/auto_aim_interfaces:${AMENT_PREFIX_PATH} CMAKE_PREFIX_PATH=/home/lan/rm_vision_ws/install/auto_aim_interfaces:/opt/ros/humble LD_LIBRARY_PATH=/home/lan/rm_vision_ws/install/auto_aim_interfaces/lib:${LD_LIBRARY_PATH} PYTHONPATH=/home/lan/rm_vision_ws/install/auto_aim_interfaces/local/lib/python3.10/dist-packages:${PYTHONPATH} /usr/bin/cmake /home/lan/rm_vision_ws/src/rm_auto_aim/armor_detector -DAMENT_CMAKE_SYMLINK_INSTALL=1 -DCMAKE_INSTALL_PREFIX=/home/lan/rm_vision_ws/install/armor_detector
[4.666s] DEBUG:colcon.colcon_core.event_handler.log_command:Invoking command in '/home/lan/rm_vision_ws/build/armor_tracker': AMENT_PREFIX_PATH=/home/lan/rm_vision_ws/install/auto_aim_interfaces:${AMENT_PREFIX_PATH} CMAKE_PREFIX_PATH=/home/lan/rm_vision_ws/install/auto_aim_interfaces:/opt/ros/humble LD_LIBRARY_PATH=/home/lan/rm_vision_ws/install/auto_aim_interfaces/lib:${LD_LIBRARY_PATH} PYTHONPATH=/home/lan/rm_vision_ws/install/auto_aim_interfaces/local/lib/python3.10/dist-packages:${PYTHONPATH} /usr/bin/cmake /home/lan/rm_vision_ws/src/rm_auto_aim/armor_tracker -DAMENT_CMAKE_SYMLINK_INSTALL=1 -DCMAKE_INSTALL_PREFIX=/home/lan/rm_vision_ws/install/armor_tracker
[4.666s] DEBUG:colcon.colcon_core.event_handler.log_command:Invoking command in '/home/lan/rm_vision_ws/build/rm_serial_driver': AMENT_PREFIX_PATH=/home/lan/rm_vision_ws/install/auto_aim_interfaces:${AMENT_PREFIX_PATH} CMAKE_PREFIX_PATH=/home/lan/rm_vision_ws/install/auto_aim_interfaces:/opt/ros/humble LD_LIBRARY_PATH=/home/lan/rm_vision_ws/install/auto_aim_interfaces/lib:${LD_LIBRARY_PATH} PYTHONPATH=/home/lan/rm_vision_ws/install/auto_aim_interfaces/local/lib/python3.10/dist-packages:${PYTHONPATH} /usr/bin/cmake /home/lan/rm_vision_ws/src/rm_serial_driver -DAMENT_CMAKE_SYMLINK_INSTALL=1 -DCMAKE_INSTALL_PREFIX=/home/lan/rm_vision_ws/install/rm_serial_driver
[5.291s] DEBUG:colcon.colcon_core.event_handler.log_command:Invoked command in '/home/lan/rm_vision_ws/build/rm_serial_driver' returned '1': AMENT_PREFIX_PATH=/home/lan/rm_vision_ws/install/auto_aim_interfaces:${AMENT_PREFIX_PATH} CMAKE_PREFIX_PATH=/home/lan/rm_vision_ws/install/auto_aim_interfaces:/opt/ros/humble LD_LIBRARY_PATH=/home/lan/rm_vision_ws/install/auto_aim_interfaces/lib:${LD_LIBRARY_PATH} PYTHONPATH=/home/lan/rm_vision_ws/install/auto_aim_interfaces/local/lib/python3.10/dist-packages:${PYTHONPATH} /usr/bin/cmake /home/lan/rm_vision_ws/src/rm_serial_driver -DAMENT_CMAKE_SYMLINK_INSTALL=1 -DCMAKE_INSTALL_PREFIX=/home/lan/rm_vision_ws/install/rm_serial_driver
[5.298s] Level 1:colcon.colcon_core.environment:create_environment_scripts_only(rm_serial_driver)
[5.298s] Level 1:colcon.colcon_core.environment:checking '/home/lan/rm_vision_ws/install/rm_serial_driver' for CMake module files
[5.299s] Level 1:colcon.colcon_core.environment:checking '/home/lan/rm_vision_ws/install/rm_serial_driver' for CMake config files
[5.299s] Level 1:colcon.colcon_core.environment:checking '/home/lan/rm_vision_ws/install/rm_serial_driver/bin'
[5.299s] Level 1:colcon.colcon_core.environment:checking '/home/lan/rm_vision_ws/install/rm_serial_driver/lib/pkgconfig/rm_serial_driver.pc'
[5.299s] Level 1:colcon.colcon_core.environment:checking '/home/lan/rm_vision_ws/install/rm_serial_driver/lib/python3.10/site-packages'
[5.299s] Level 1:colcon.colcon_core.environment:checking '/home/lan/rm_vision_ws/install/rm_serial_driver/bin'
[5.300s] INFO:colcon.colcon_core.shell:Creating package script '/home/lan/rm_vision_ws/install/rm_serial_driver/share/rm_serial_driver/package.ps1'
[5.300s] INFO:colcon.colcon_core.shell:Creating package descriptor '/home/lan/rm_vision_ws/install/rm_serial_driver/share/rm_serial_driver/package.dsv'
[5.300s] INFO:colcon.colcon_core.shell:Creating package script '/home/lan/rm_vision_ws/install/rm_serial_driver/share/rm_serial_driver/package.sh'
[5.300s] INFO:colcon.colcon_core.shell:Creating package script '/home/lan/rm_vision_ws/install/rm_serial_driver/share/rm_serial_driver/package.bash'
[5.301s] INFO:colcon.colcon_core.shell:Creating package script '/home/lan/rm_vision_ws/install/rm_serial_driver/share/rm_serial_driver/package.zsh'
[5.301s] Level 1:colcon.colcon_core.environment:create_file_with_runtime_dependencies(/home/lan/rm_vision_ws/install/rm_serial_driver/share/colcon-core/packages/rm_serial_driver)
[5.427s] DEBUG:colcon.colcon_parallel_executor.executor.parallel:closing loop
[5.427s] DEBUG:colcon.colcon_parallel_executor.executor.parallel:loop closed
[5.427s] DEBUG:colcon.colcon_parallel_executor.executor.parallel:run_until_complete finished with '1'
[5.428s] DEBUG:colcon.colcon_core.event_reactor:joining thread
[5.431s] INFO:colcon.colcon_core.plugin_system:Skipping extension 'colcon_notification.desktop_notification.terminal_notifier': Not used on non-Darwin systems
[5.431s] INFO:colcon.colcon_core.plugin_system:Skipping extension 'colcon_notification.desktop_notification.win32': Not used on non-Windows systems
[5.431s] INFO:colcon.colcon_notification.desktop_notification:Sending desktop notification using 'notify2'
[5.444s] DEBUG:colcon.colcon_core.event_reactor:joined thread
[5.444s] INFO:colcon.colcon_core.shell:Creating prefix script '/home/lan/rm_vision_ws/install/local_setup.ps1'
[5.445s] INFO:colcon.colcon_core.shell:Creating prefix util module '/home/lan/rm_vision_ws/install/_local_setup_util_ps1.py'
[5.446s] INFO:colcon.colcon_core.shell:Creating prefix chain script '/home/lan/rm_vision_ws/install/setup.ps1'
[5.447s] INFO:colcon.colcon_core.shell:Creating prefix script '/home/lan/rm_vision_ws/install/local_setup.sh'
[5.448s] INFO:colcon.colcon_core.shell:Creating prefix util module '/home/lan/rm_vision_ws/install/_local_setup_util_sh.py'
[5.448s] INFO:colcon.colcon_core.shell:Creating prefix chain script '/home/lan/rm_vision_ws/install/setup.sh'
[5.448s] INFO:colcon.colcon_core.shell:Creating prefix script '/home/lan/rm_vision_ws/install/local_setup.bash'
[5.449s] INFO:colcon.colcon_core.shell:Creating prefix chain script '/home/lan/rm_vision_ws/install/setup.bash'
[5.449s] INFO:colcon.colcon_core.shell:Creating prefix script '/home/lan/rm_vision_ws/install/local_setup.zsh'
[5.449s] INFO:colcon.colcon_core.shell:Creating prefix chain script '/home/lan/rm_vision_ws/install/setup.zsh'
